2012-09-25 17:04:03,349 INFO  [AndroMDA] - discovering namespaces -
2012-09-25 17:04:03,505 INFO  [AndroMDA] found namespace --> 'emf-uml2'
2012-09-25 17:04:03,505 INFO  [AndroMDA]   +  registering component 'metafacades'
2012-09-25 17:04:03,661 INFO  [AndroMDA]   +  registering component 'profile'
2012-09-25 17:04:03,677 INFO  [AndroMDA]   +  registering component 'repository'
2012-09-25 17:04:03,692 INFO  [AndroMDA] found namespace --> 'hibernate'
2012-09-25 17:04:03,692 INFO  [AndroMDA]   +  registering component 'cartridge'
2012-09-25 17:04:03,755 INFO  [AndroMDA]   +  registering component 'metafacades'
2012-09-25 17:04:03,801 INFO  [AndroMDA]   +  registering component 'profile'
2012-09-25 17:04:03,801 INFO  [AndroMDA] found namespace --> 'java'
2012-09-25 17:04:03,801 INFO  [AndroMDA]   +  registering component 'cartridge'
2012-09-25 17:04:03,817 INFO  [AndroMDA]   +  registering component 'profile'
2012-09-25 17:04:03,817 INFO  [AndroMDA]   +  registering component 'metafacades'
2012-09-25 17:04:03,833 INFO  [AndroMDA] found namespace --> 'netBeansMDR'
2012-09-25 17:04:03,833 INFO  [AndroMDA]   +  registering component 'repository'
2012-09-25 17:04:03,911 INFO  [AndroMDA] found namespace --> 'query'
2012-09-25 17:04:03,911 INFO  [AndroMDA]   +  registering component 'translation-library'
2012-09-25 17:04:04,035 INFO  [AndroMDA] found namespace --> 'spring'
2012-09-25 17:04:04,035 INFO  [AndroMDA]   +  registering component 'cartridge'
2012-09-25 17:04:04,067 INFO  [AndroMDA]   +  registering component 'metafacades'
2012-09-25 17:04:04,113 INFO  [AndroMDA]   +  registering component 'profile'
2012-09-25 17:04:04,129 INFO  [AndroMDA] found namespace --> 'uml-1.4'
2012-09-25 17:04:04,129 INFO  [AndroMDA]   +  registering component 'metafacades'
2012-09-25 17:04:04,301 INFO  [AndroMDA]   +  registering component 'profile'
2012-09-25 17:04:04,301 INFO  [AndroMDA] found namespace --> 'validation'
2012-09-25 17:04:04,301 INFO  [AndroMDA]   +  registering component 'translation-library'
2012-09-25 17:04:05,408 INFO  [AndroMDA] - core initialization complete: 2.34[s] -
2012-09-25 17:04:05,424 INFO  [AndroMDA] loading model --> 'file:C:/Documents and Settings/Junior/Documents/jrsystems/devel/jrbase/mda/src/main/uml/jrbase.uml2'
2012-09-25 17:04:06,282 INFO  [AndroMDA] referenced model --> 'jar:file:/C:/m2repo/repository/org/andromda/repositories/andromda-repository-emf-uml2/3.3/andromda-repository-emf-uml2-3.3.jar!/META-INF/emf/modules/UML2PrimitiveTypes.library.uml2'
2012-09-25 17:04:06,297 INFO  [AndroMDA] referenced model --> 'jar:file:/C:/m2repo/repository/org/andromda/repositories/andromda-repository-emf-uml2/3.3/andromda-repository-emf-uml2-3.3.jar!/META-INF/emf/modules/Basic.profile.uml2'
2012-09-25 17:04:06,500 INFO  [AndroMDA] referenced model --> 'jar:file:/C:/m2repo/repository/org/andromda/repositories/andromda-repository-emf-uml2/3.3/andromda-repository-emf-uml2-3.3.jar!/META-INF/emf/modules/UML2.metamodel.uml2'
2012-09-25 17:04:06,500 INFO  [AndroMDA] referenced model --> 'jar:file:/C:/m2repo/repository/org/andromda/repositories/andromda-repository-emf-uml2/3.3/andromda-repository-emf-uml2-3.3.jar!/META-INF/emf/modules/Ecore.profile.uml2'
2012-09-25 17:04:06,516 INFO  [AndroMDA] referenced model --> 'jar:file:/C:/m2repo/repository/org/andromda/repositories/andromda-repository-emf-uml2/3.3/andromda-repository-emf-uml2-3.3.jar!/META-INF/emf/modules/Complete.profile.uml2'
2012-09-25 17:04:07,077 INFO  [AndroMDA] - loading complete: 1.653[s] -
2012-09-25 17:04:07,077 INFO  [AndroMDA] - validating model -
2012-09-25 17:04:18,918 INFO  [AndroMDA] - validation complete: 11.841[s] -
2012-09-25 17:04:19,089 INFO  [AndroMDA:spring] Output: 'file:/C:/Documents%20and%20Settings/Junior/Documents/jrsystems/devel/jrbase/mda/../core/target/src/com/jrsystems/jrbase/ServiceLocator.java'
2012-09-25 17:04:19,152 INFO  [AndroMDA:spring] Output: 'file:/C:/Documents%20and%20Settings/Junior/Documents/jrsystems/devel/jrbase/mda/../common/target/src/com/jrsystems/jrbase/individual/service/IndividualService.java'
2012-09-25 17:04:19,167 INFO  [AndroMDA:spring] Output: 'file:/C:/Documents%20and%20Settings/Junior/Documents/jrsystems/devel/jrbase/mda/../common/target/src/com/jrsystems/jrbase/user/service/UserService.java'
2012-09-25 17:04:19,183 INFO  [AndroMDA:spring] Output: 'file:/C:/Documents%20and%20Settings/Junior/Documents/jrsystems/devel/jrbase/mda/../common/target/src/com/jrsystems/jrbase/organisation/service/OrganisationService.java'
2012-09-25 17:04:19,183 INFO  [AndroMDA:spring] Output: 'file:/C:/Documents%20and%20Settings/Junior/Documents/jrsystems/devel/jrbase/mda/../common/target/src/com/jrsystems/jrbase/location/service/LocationService.java'
2012-09-25 17:04:19,183 INFO  [AndroMDA:spring] Output: 'file:/C:/Documents%20and%20Settings/Junior/Documents/jrsystems/devel/jrbase/mda/../common/target/src/com/jrsystems/jrbase/counter/service/CounterService.java'
2012-09-25 17:04:19,199 INFO  [AndroMDA:spring] Output: 'file:/C:/Documents%20and%20Settings/Junior/Documents/jrsystems/devel/jrbase/mda/../common/target/src/com/jrsystems/jrbase/role/service/RoleService.java'
2012-09-25 17:04:19,214 INFO  [AndroMDA:spring] Output: 'file:/C:/Documents%20and%20Settings/Junior/Documents/jrsystems/devel/jrbase/mda/../common/target/src/com/jrsystems/jrbase/clearancelevel/service/ClearanceLevelService.java'
2012-09-25 17:04:19,214 INFO  [AndroMDA:spring] Output: 'file:/C:/Documents%20and%20Settings/Junior/Documents/jrsystems/devel/jrbase/mda/../common/target/src/com/jrsystems/jrbase/loginsession/service/LoginSessionService.java'
2012-09-25 17:04:19,214 INFO  [AndroMDA:spring] Output: 'file:/C:/Documents%20and%20Settings/Junior/Documents/jrsystems/devel/jrbase/mda/../common/target/src/com/jrsystems/jrbase/workbench/program/service/ProgramService.java'
2012-09-25 17:04:19,230 INFO  [AndroMDA:spring] Output: 'file:/C:/Documents%20and%20Settings/Junior/Documents/jrsystems/devel/jrbase/mda/../common/target/src/com/jrsystems/jrbase/workbench/menu/service/MenuService.java'
2012-09-25 17:04:19,386 INFO  [AndroMDA:spring] Output: 'file:/C:/Documents%20and%20Settings/Junior/Documents/jrsystems/devel/jrbase/mda/../core/target/src/com/jrsystems/jrbase/individual/service/IndividualServiceBase.java'
2012-09-25 17:04:19,495 INFO  [AndroMDA:spring] Output: 'file:/C:/Documents%20and%20Settings/Junior/Documents/jrsystems/devel/jrbase/mda/../core/target/src/com/jrsystems/jrbase/user/service/UserServiceBase.java'
2012-09-25 17:04:19,557 INFO  [AndroMDA:spring] Output: 'file:/C:/Documents%20and%20Settings/Junior/Documents/jrsystems/devel/jrbase/mda/../core/target/src/com/jrsystems/jrbase/organisation/service/OrganisationServiceBase.java'
2012-09-25 17:04:19,620 INFO  [AndroMDA:spring] Output: 'file:/C:/Documents%20and%20Settings/Junior/Documents/jrsystems/devel/jrbase/mda/../core/target/src/com/jrsystems/jrbase/location/service/LocationServiceBase.java'
2012-09-25 17:04:19,651 INFO  [AndroMDA:spring] Output: 'file:/C:/Documents%20and%20Settings/Junior/Documents/jrsystems/devel/jrbase/mda/../core/target/src/com/jrsystems/jrbase/counter/service/CounterServiceBase.java'
2012-09-25 17:04:19,698 INFO  [AndroMDA:spring] Output: 'file:/C:/Documents%20and%20Settings/Junior/Documents/jrsystems/devel/jrbase/mda/../core/target/src/com/jrsystems/jrbase/role/service/RoleServiceBase.java'
2012-09-25 17:04:19,713 INFO  [AndroMDA:spring] Output: 'file:/C:/Documents%20and%20Settings/Junior/Documents/jrsystems/devel/jrbase/mda/../core/target/src/com/jrsystems/jrbase/clearancelevel/service/ClearanceLevelServiceBase.java'
2012-09-25 17:04:19,745 INFO  [AndroMDA:spring] Output: 'file:/C:/Documents%20and%20Settings/Junior/Documents/jrsystems/devel/jrbase/mda/../core/target/src/com/jrsystems/jrbase/loginsession/service/LoginSessionServiceBase.java'
2012-09-25 17:04:19,760 INFO  [AndroMDA:spring] Output: 'file:/C:/Documents%20and%20Settings/Junior/Documents/jrsystems/devel/jrbase/mda/../core/target/src/com/jrsystems/jrbase/workbench/program/service/ProgramServiceBase.java'
2012-09-25 17:04:19,791 INFO  [AndroMDA:spring] Output: 'file:/C:/Documents%20and%20Settings/Junior/Documents/jrsystems/devel/jrbase/mda/../core/target/src/com/jrsystems/jrbase/workbench/menu/service/MenuServiceBase.java'
2012-09-25 17:04:19,807 INFO  [AndroMDA:spring] Output: 'file:/C:/Documents%20and%20Settings/Junior/Documents/jrsystems/devel/jrbase/mda/../core/target/src/com/jrsystems/jrbase/PrincipalStore.java'
2012-09-25 17:04:19,901 INFO  [AndroMDA:spring] Output: 'file:/C:/Documents%20and%20Settings/Junior/Documents/jrsystems/devel/jrbase/mda/../common/target/src/com/jrsystems/jrbase/individual/service/IndividualServiceException.java'
2012-09-25 17:04:19,901 INFO  [AndroMDA:spring] Output: 'file:/C:/Documents%20and%20Settings/Junior/Documents/jrsystems/devel/jrbase/mda/../common/target/src/com/jrsystems/jrbase/user/service/UserServiceException.java'
2012-09-25 17:04:19,916 INFO  [AndroMDA:spring] Output: 'file:/C:/Documents%20and%20Settings/Junior/Documents/jrsystems/devel/jrbase/mda/../common/target/src/com/jrsystems/jrbase/organisation/service/OrganisationServiceException.java'
2012-09-25 17:04:19,916 INFO  [AndroMDA:spring] Output: 'file:/C:/Documents%20and%20Settings/Junior/Documents/jrsystems/devel/jrbase/mda/../common/target/src/com/jrsystems/jrbase/location/service/LocationServiceException.java'
2012-09-25 17:04:19,932 INFO  [AndroMDA:spring] Output: 'file:/C:/Documents%20and%20Settings/Junior/Documents/jrsystems/devel/jrbase/mda/../common/target/src/com/jrsystems/jrbase/counter/service/CounterServiceException.java'
2012-09-25 17:04:19,932 INFO  [AndroMDA:spring] Output: 'file:/C:/Documents%20and%20Settings/Junior/Documents/jrsystems/devel/jrbase/mda/../common/target/src/com/jrsystems/jrbase/role/service/RoleServiceException.java'
2012-09-25 17:04:19,932 INFO  [AndroMDA:spring] Output: 'file:/C:/Documents%20and%20Settings/Junior/Documents/jrsystems/devel/jrbase/mda/../common/target/src/com/jrsystems/jrbase/clearancelevel/service/ClearanceLevelServiceException.java'
2012-09-25 17:04:19,932 INFO  [AndroMDA:spring] Output: 'file:/C:/Documents%20and%20Settings/Junior/Documents/jrsystems/devel/jrbase/mda/../common/target/src/com/jrsystems/jrbase/loginsession/service/LoginSessionServiceException.java'
2012-09-25 17:04:19,947 INFO  [AndroMDA:spring] Output: 'file:/C:/Documents%20and%20Settings/Junior/Documents/jrsystems/devel/jrbase/mda/../common/target/src/com/jrsystems/jrbase/workbench/program/service/ProgramServiceException.java'
2012-09-25 17:04:19,947 INFO  [AndroMDA:spring] Output: 'file:/C:/Documents%20and%20Settings/Junior/Documents/jrsystems/devel/jrbase/mda/../common/target/src/com/jrsystems/jrbase/workbench/menu/service/MenuServiceException.java'
2012-09-25 17:04:20,025 INFO  [AndroMDA:spring] Output: 'file:/C:/Documents%20and%20Settings/Junior/Documents/jrsystems/devel/jrbase/mda/../core/target/src/com/jrsystems/jrbase/individual/IndividualDao.java'
2012-09-25 17:04:20,041 INFO  [AndroMDA:spring] Output: 'file:/C:/Documents%20and%20Settings/Junior/Documents/jrsystems/devel/jrbase/mda/../core/target/src/com/jrsystems/jrbase/user/UserDao.java'
2012-09-25 17:04:20,103 INFO  [AndroMDA:spring] Output: 'file:/C:/Documents%20and%20Settings/Junior/Documents/jrsystems/devel/jrbase/mda/../core/target/src/com/jrsystems/jrbase/user/UserLocationDao.java'
2012-09-25 17:04:20,119 INFO  [AndroMDA:spring] Output: 'file:/C:/Documents%20and%20Settings/Junior/Documents/jrsystems/devel/jrbase/mda/../core/target/src/com/jrsystems/jrbase/organisation/OrganisationDao.java'
2012-09-25 17:04:20,119 INFO  [AndroMDA:spring] Output: 'file:/C:/Documents%20and%20Settings/Junior/Documents/jrsystems/devel/jrbase/mda/../core/target/src/com/jrsystems/jrbase/organisation/OrganisationTypeDao.java'
2012-09-25 17:04:20,135 INFO  [AndroMDA:spring] Output: 'file:/C:/Documents%20and%20Settings/Junior/Documents/jrsystems/devel/jrbase/mda/../core/target/src/com/jrsystems/jrbase/location/LocationTypeDao.java'
2012-09-25 17:04:20,166 INFO  [AndroMDA:spring] Output: 'file:/C:/Documents%20and%20Settings/Junior/Documents/jrsystems/devel/jrbase/mda/../core/target/src/com/jrsystems/jrbase/location/LocationDao.java'
2012-09-25 17:04:20,181 INFO  [AndroMDA:spring] Output: 'file:/C:/Documents%20and%20Settings/Junior/Documents/jrsystems/devel/jrbase/mda/../core/target/src/com/jrsystems/jrbase/counter/CounterDao.java'
2012-09-25 17:04:20,197 INFO  [AndroMDA:spring] Output: 'file:/C:/Documents%20and%20Settings/Junior/Documents/jrsystems/devel/jrbase/mda/../core/target/src/com/jrsystems/jrbase/role/RoleDao.java'
2012-09-25 17:04:20,213 INFO  [AndroMDA:spring] Output: 'file:/C:/Documents%20and%20Settings/Junior/Documents/jrsystems/devel/jrbase/mda/../core/target/src/com/jrsystems/jrbase/clearancelevel/ClearanceLevelDao.java'
2012-09-25 17:04:20,228 INFO  [AndroMDA:spring] Output: 'file:/C:/Documents%20and%20Settings/Junior/Documents/jrsystems/devel/jrbase/mda/../core/target/src/com/jrsystems/jrbase/loginsession/LoginSessionDao.java'
2012-09-25 17:04:20,244 INFO  [AndroMDA:spring] Output: 'file:/C:/Documents%20and%20Settings/Junior/Documents/jrsystems/devel/jrbase/mda/../core/target/src/com/jrsystems/jrbase/workbench/program/ProgramDao.java'
2012-09-25 17:04:20,291 INFO  [AndroMDA:spring] Output: 'file:/C:/Documents%20and%20Settings/Junior/Documents/jrsystems/devel/jrbase/mda/../core/target/src/com/jrsystems/jrbase/workbench/menu/MenuDao.java'
2012-09-25 17:04:20,400 INFO  [AndroMDA:spring] Output: 'file:/C:/Documents%20and%20Settings/Junior/Documents/jrsystems/devel/jrbase/mda/../core/target/src/com/jrsystems/jrbase/individual/IndividualDaoBase.java'
2012-09-25 17:04:20,478 INFO  [AndroMDA:spring] Output: 'file:/C:/Documents%20and%20Settings/Junior/Documents/jrsystems/devel/jrbase/mda/../core/target/src/com/jrsystems/jrbase/user/UserDaoBase.java'
2012-09-25 17:04:20,525 INFO  [AndroMDA:spring] Output: 'file:/C:/Documents%20and%20Settings/Junior/Documents/jrsystems/devel/jrbase/mda/../core/target/src/com/jrsystems/jrbase/user/UserLocationDaoBase.java'
2012-09-25 17:04:20,571 INFO  [AndroMDA:spring] Output: 'file:/C:/Documents%20and%20Settings/Junior/Documents/jrsystems/devel/jrbase/mda/../core/target/src/com/jrsystems/jrbase/organisation/OrganisationDaoBase.java'
2012-09-25 17:04:20,587 INFO  [AndroMDA:spring] Output: 'file:/C:/Documents%20and%20Settings/Junior/Documents/jrsystems/devel/jrbase/mda/../core/target/src/com/jrsystems/jrbase/organisation/OrganisationTypeDaoBase.java'
2012-09-25 17:04:20,618 INFO  [AndroMDA:spring] Output: 'file:/C:/Documents%20and%20Settings/Junior/Documents/jrsystems/devel/jrbase/mda/../core/target/src/com/jrsystems/jrbase/location/LocationTypeDaoBase.java'
2012-09-25 17:04:20,681 INFO  [AndroMDA:spring] Output: 'file:/C:/Documents%20and%20Settings/Junior/Documents/jrsystems/devel/jrbase/mda/../core/target/src/com/jrsystems/jrbase/location/LocationDaoBase.java'
2012-09-25 17:04:20,712 INFO  [AndroMDA:spring] Output: 'file:/C:/Documents%20and%20Settings/Junior/Documents/jrsystems/devel/jrbase/mda/../core/target/src/com/jrsystems/jrbase/counter/CounterDaoBase.java'
2012-09-25 17:04:20,743 INFO  [AndroMDA:spring] Output: 'file:/C:/Documents%20and%20Settings/Junior/Documents/jrsystems/devel/jrbase/mda/../core/target/src/com/jrsystems/jrbase/role/RoleDaoBase.java'
2012-09-25 17:04:20,774 INFO  [AndroMDA:spring] Output: 'file:/C:/Documents%20and%20Settings/Junior/Documents/jrsystems/devel/jrbase/mda/../core/target/src/com/jrsystems/jrbase/clearancelevel/ClearanceLevelDaoBase.java'
2012-09-25 17:04:20,805 INFO  [AndroMDA:spring] Output: 'file:/C:/Documents%20and%20Settings/Junior/Documents/jrsystems/devel/jrbase/mda/../core/target/src/com/jrsystems/jrbase/loginsession/LoginSessionDaoBase.java'
2012-09-25 17:04:20,837 INFO  [AndroMDA:spring] Output: 'file:/C:/Documents%20and%20Settings/Junior/Documents/jrsystems/devel/jrbase/mda/../core/target/src/com/jrsystems/jrbase/workbench/program/ProgramDaoBase.java'
2012-09-25 17:04:20,868 INFO  [AndroMDA:spring] Output: 'file:/C:/Documents%20and%20Settings/Junior/Documents/jrsystems/devel/jrbase/mda/../core/target/src/com/jrsystems/jrbase/workbench/menu/MenuDaoBase.java'
2012-09-25 17:04:21,008 INFO  [AndroMDA:spring] Output: 'file:/C:/Documents%20and%20Settings/Junior/Documents/jrsystems/devel/jrbase/mda/../core/target/src/com/jrsystems/jrbase/individual/service/ejb/IndividualServiceBean.java'
2012-09-25 17:04:21,039 INFO  [AndroMDA:spring] Output: 'file:/C:/Documents%20and%20Settings/Junior/Documents/jrsystems/devel/jrbase/mda/../core/target/src/com/jrsystems/jrbase/user/service/ejb/UserServiceBean.java'
2012-09-25 17:04:21,055 INFO  [AndroMDA:spring] Output: 'file:/C:/Documents%20and%20Settings/Junior/Documents/jrsystems/devel/jrbase/mda/../core/target/src/com/jrsystems/jrbase/organisation/service/ejb/OrganisationServiceBean.java'
2012-09-25 17:04:21,055 INFO  [AndroMDA:spring] Output: 'file:/C:/Documents%20and%20Settings/Junior/Documents/jrsystems/devel/jrbase/mda/../core/target/src/com/jrsystems/jrbase/location/service/ejb/LocationServiceBean.java'
2012-09-25 17:04:21,071 INFO  [AndroMDA:spring] Output: 'file:/C:/Documents%20and%20Settings/Junior/Documents/jrsystems/devel/jrbase/mda/../core/target/src/com/jrsystems/jrbase/counter/service/ejb/CounterServiceBean.java'
2012-09-25 17:04:21,071 INFO  [AndroMDA:spring] Output: 'file:/C:/Documents%20and%20Settings/Junior/Documents/jrsystems/devel/jrbase/mda/../core/target/src/com/jrsystems/jrbase/role/service/ejb/RoleServiceBean.java'
2012-09-25 17:04:21,086 INFO  [AndroMDA:spring] Output: 'file:/C:/Documents%20and%20Settings/Junior/Documents/jrsystems/devel/jrbase/mda/../core/target/src/com/jrsystems/jrbase/clearancelevel/service/ejb/ClearanceLevelServiceBean.java'
2012-09-25 17:04:21,086 INFO  [AndroMDA:spring] Output: 'file:/C:/Documents%20and%20Settings/Junior/Documents/jrsystems/devel/jrbase/mda/../core/target/src/com/jrsystems/jrbase/loginsession/service/ejb/LoginSessionServiceBean.java'
2012-09-25 17:04:21,102 INFO  [AndroMDA:spring] Output: 'file:/C:/Documents%20and%20Settings/Junior/Documents/jrsystems/devel/jrbase/mda/../core/target/src/com/jrsystems/jrbase/workbench/program/service/ejb/ProgramServiceBean.java'
2012-09-25 17:04:21,117 INFO  [AndroMDA:spring] Output: 'file:/C:/Documents%20and%20Settings/Junior/Documents/jrsystems/devel/jrbase/mda/../core/target/src/com/jrsystems/jrbase/workbench/menu/service/ejb/MenuServiceBean.java'
2012-09-25 17:04:21,133 INFO  [AndroMDA:spring] Output: 'file:/C:/Documents%20and%20Settings/Junior/Documents/jrsystems/devel/jrbase/mda/../core/target/src/com/jrsystems/jrbase/individual/service/ejb/IndividualService.java'
2012-09-25 17:04:21,149 INFO  [AndroMDA:spring] Output: 'file:/C:/Documents%20and%20Settings/Junior/Documents/jrsystems/devel/jrbase/mda/../core/target/src/com/jrsystems/jrbase/user/service/ejb/UserService.java'
2012-09-25 17:04:21,149 INFO  [AndroMDA:spring] Output: 'file:/C:/Documents%20and%20Settings/Junior/Documents/jrsystems/devel/jrbase/mda/../core/target/src/com/jrsystems/jrbase/organisation/service/ejb/OrganisationService.java'
2012-09-25 17:04:21,149 INFO  [AndroMDA:spring] Output: 'file:/C:/Documents%20and%20Settings/Junior/Documents/jrsystems/devel/jrbase/mda/../core/target/src/com/jrsystems/jrbase/location/service/ejb/LocationService.java'
2012-09-25 17:04:21,164 INFO  [AndroMDA:spring] Output: 'file:/C:/Documents%20and%20Settings/Junior/Documents/jrsystems/devel/jrbase/mda/../core/target/src/com/jrsystems/jrbase/counter/service/ejb/CounterService.java'
2012-09-25 17:04:21,164 INFO  [AndroMDA:spring] Output: 'file:/C:/Documents%20and%20Settings/Junior/Documents/jrsystems/devel/jrbase/mda/../core/target/src/com/jrsystems/jrbase/role/service/ejb/RoleService.java'
2012-09-25 17:04:21,164 INFO  [AndroMDA:spring] Output: 'file:/C:/Documents%20and%20Settings/Junior/Documents/jrsystems/devel/jrbase/mda/../core/target/src/com/jrsystems/jrbase/clearancelevel/service/ejb/ClearanceLevelService.java'
2012-09-25 17:04:21,164 INFO  [AndroMDA:spring] Output: 'file:/C:/Documents%20and%20Settings/Junior/Documents/jrsystems/devel/jrbase/mda/../core/target/src/com/jrsystems/jrbase/loginsession/service/ejb/LoginSessionService.java'
2012-09-25 17:04:21,180 INFO  [AndroMDA:spring] Output: 'file:/C:/Documents%20and%20Settings/Junior/Documents/jrsystems/devel/jrbase/mda/../core/target/src/com/jrsystems/jrbase/workbench/program/service/ejb/ProgramService.java'
2012-09-25 17:04:21,180 INFO  [AndroMDA:spring] Output: 'file:/C:/Documents%20and%20Settings/Junior/Documents/jrsystems/devel/jrbase/mda/../core/target/src/com/jrsystems/jrbase/workbench/menu/service/ejb/MenuService.java'
2012-09-25 17:04:21,195 INFO  [AndroMDA:spring] Output: 'file:/C:/Documents%20and%20Settings/Junior/Documents/jrsystems/devel/jrbase/mda/../core/target/src/com/jrsystems/jrbase/individual/service/ejb/IndividualServiceHome.java'
2012-09-25 17:04:21,195 INFO  [AndroMDA:spring] Output: 'file:/C:/Documents%20and%20Settings/Junior/Documents/jrsystems/devel/jrbase/mda/../core/target/src/com/jrsystems/jrbase/user/service/ejb/UserServiceHome.java'
2012-09-25 17:04:21,195 INFO  [AndroMDA:spring] Output: 'file:/C:/Documents%20and%20Settings/Junior/Documents/jrsystems/devel/jrbase/mda/../core/target/src/com/jrsystems/jrbase/organisation/service/ejb/OrganisationServiceHome.java'
2012-09-25 17:04:21,195 INFO  [AndroMDA:spring] Output: 'file:/C:/Documents%20and%20Settings/Junior/Documents/jrsystems/devel/jrbase/mda/../core/target/src/com/jrsystems/jrbase/location/service/ejb/LocationServiceHome.java'
2012-09-25 17:04:21,195 INFO  [AndroMDA:spring] Output: 'file:/C:/Documents%20and%20Settings/Junior/Documents/jrsystems/devel/jrbase/mda/../core/target/src/com/jrsystems/jrbase/counter/service/ejb/CounterServiceHome.java'
2012-09-25 17:04:21,195 INFO  [AndroMDA:spring] Output: 'file:/C:/Documents%20and%20Settings/Junior/Documents/jrsystems/devel/jrbase/mda/../core/target/src/com/jrsystems/jrbase/role/service/ejb/RoleServiceHome.java'
2012-09-25 17:04:21,195 INFO  [AndroMDA:spring] Output: 'file:/C:/Documents%20and%20Settings/Junior/Documents/jrsystems/devel/jrbase/mda/../core/target/src/com/jrsystems/jrbase/clearancelevel/service/ejb/ClearanceLevelServiceHome.java'
2012-09-25 17:04:21,195 INFO  [AndroMDA:spring] Output: 'file:/C:/Documents%20and%20Settings/Junior/Documents/jrsystems/devel/jrbase/mda/../core/target/src/com/jrsystems/jrbase/loginsession/service/ejb/LoginSessionServiceHome.java'
2012-09-25 17:04:21,211 INFO  [AndroMDA:spring] Output: 'file:/C:/Documents%20and%20Settings/Junior/Documents/jrsystems/devel/jrbase/mda/../core/target/src/com/jrsystems/jrbase/workbench/program/service/ejb/ProgramServiceHome.java'
2012-09-25 17:04:21,211 INFO  [AndroMDA:spring] Output: 'file:/C:/Documents%20and%20Settings/Junior/Documents/jrsystems/devel/jrbase/mda/../core/target/src/com/jrsystems/jrbase/workbench/menu/service/ejb/MenuServiceHome.java'
2012-09-25 17:04:21,336 INFO  [AndroMDA:spring] Output: 'file:/C:/Documents%20and%20Settings/Junior/Documents/jrsystems/devel/jrbase/mda/../core/target/src/applicationContext.xml'
2012-09-25 17:04:21,351 INFO  [AndroMDA:spring] Output: 'file:/C:/Documents%20and%20Settings/Junior/Documents/jrsystems/devel/jrbase/mda/../core/target/src/applicationContext-dataSource.xml'
2012-09-25 17:04:21,367 INFO  [AndroMDA:spring] Output: 'file:/C:/Documents%20and%20Settings/Junior/Documents/jrsystems/devel/jrbase/mda/../core/target/src/applicationContext-localDataSource.xml'
2012-09-25 17:04:21,429 INFO  [AndroMDA:spring] Output: 'file:/C:/Documents%20and%20Settings/Junior/Documents/jrsystems/devel/jrbase/mda/../core/target/src/applicationContext-localEjb.xml'
2012-09-25 17:04:21,461 INFO  [AndroMDA:spring] Output: 'file:/C:/Documents%20and%20Settings/Junior/Documents/jrsystems/devel/jrbase/mda/../core/target/src/META-INF/ejb-jar.xml'
2012-09-25 17:04:21,476 INFO  [AndroMDA:spring] Output: 'file:/C:/Documents%20and%20Settings/Junior/Documents/jrsystems/devel/jrbase/mda/../core/target/src/META-INF/jboss.xml'
2012-09-25 17:04:21,492 INFO  [AndroMDA:spring] Output: 'file:/C:/Documents%20and%20Settings/Junior/Documents/jrsystems/devel/jrbase/mda/../core/target/src/beanRefFactory.xml'
2012-09-25 17:04:21,507 INFO  [AndroMDA:spring] Output: 'file:/C:/Documents%20and%20Settings/Junior/Documents/jrsystems/devel/jrbase/mda/../core/target/src/com/jrsystems/jrbase/SearchParameter.java'
2012-09-25 17:04:21,523 INFO  [AndroMDA:spring] Output: 'file:/C:/Documents%20and%20Settings/Junior/Documents/jrsystems/devel/jrbase/mda/../core/target/src/com/jrsystems/jrbase/Search.java'
2012-09-25 17:04:21,539 INFO  [AndroMDA:spring] Output: 'file:/C:/Documents%20and%20Settings/Junior/Documents/jrsystems/devel/jrbase/mda/../core/target/src/com/jrsystems/jrbase/PropertySearch.java'
2012-09-25 17:04:21,539 INFO  [AndroMDA:spring] Output: 'file:/C:/Documents%20and%20Settings/Junior/Documents/jrsystems/devel/jrbase/mda/../common/target/src/com/jrsystems/jrbase/PaginationResult.java'
2012-09-25 17:04:21,554 INFO  [AndroMDA:spring] Output: 'file:/C:/Documents%20and%20Settings/Junior/Documents/jrsystems/devel/jrbase/mda/../core/target/src/com/jrsystems/jrbase/CriteriaSearch.java'
2012-09-25 17:04:21,695 INFO  [AndroMDA:spring] Output: 'file:/C:/Documents%20and%20Settings/Junior/Documents/jrsystems/devel/jrbase/mda/../core/target/src/com/jrsystems/jrbase/CriteriaSearchProperties.java'
2012-09-25 17:04:21,710 INFO  [AndroMDA:spring] Output: 'file:/C:/Documents%20and%20Settings/Junior/Documents/jrsystems/devel/jrbase/mda/../core/target/src/com/jrsystems/jrbase/CriteriaSearchConfiguration.java'
2012-09-25 17:04:21,710 INFO  [AndroMDA:spring] Output: 'file:/C:/Documents%20and%20Settings/Junior/Documents/jrsystems/devel/jrbase/mda/../core/target/src/com/jrsystems/jrbase/CriteriaSearchParameter.java'
2012-09-25 17:04:21,726 INFO  [AndroMDA:spring] Output: 'file:/C:/Documents%20and%20Settings/Junior/Documents/jrsystems/devel/jrbase/mda/../core/target/src/com/jrsystems/jrbase/BeanLocator.java'
2012-09-25 17:04:21,897 INFO  [AndroMDA:spring] Output: 'file:/C:/Documents%20and%20Settings/Junior/Documents/jrsystems/devel/jrbase/mda/../core/target/src/applicationContext-manageable.xml'
2012-09-25 17:04:21,913 INFO  [AndroMDA:spring] Output: 'file:/C:/Documents%20and%20Settings/Junior/Documents/jrsystems/devel/jrbase/mda/../core/target/src/com/jrsystems/jrbase/ManageableServiceLocator.java'
2012-09-25 17:04:21,913 INFO  [AndroMDA:spring] Output: 'file:/C:/Documents%20and%20Settings/Junior/Documents/jrsystems/devel/jrbase/mda/../common/target/src/com/jrsystems/jrbase/individual/crud/IndividualManageableService.java'
2012-09-25 17:04:21,944 INFO  [AndroMDA:spring] Output: 'file:/C:/Documents%20and%20Settings/Junior/Documents/jrsystems/devel/jrbase/mda/../common/target/src/com/jrsystems/jrbase/user/crud/UserManageableService.java'
2012-09-25 17:04:21,944 INFO  [AndroMDA:spring] Output: 'file:/C:/Documents%20and%20Settings/Junior/Documents/jrsystems/devel/jrbase/mda/../common/target/src/com/jrsystems/jrbase/user/crud/UserLocationManageableService.java'
2012-09-25 17:04:21,960 INFO  [AndroMDA:spring] Output: 'file:/C:/Documents%20and%20Settings/Junior/Documents/jrsystems/devel/jrbase/mda/../common/target/src/com/jrsystems/jrbase/organisation/crud/OrganisationManageableService.java'
2012-09-25 17:04:21,960 INFO  [AndroMDA:spring] Output: 'file:/C:/Documents%20and%20Settings/Junior/Documents/jrsystems/devel/jrbase/mda/../common/target/src/com/jrsystems/jrbase/organisation/crud/OrganisationTypeManageableService.java'
2012-09-25 17:04:21,975 INFO  [AndroMDA:spring] Output: 'file:/C:/Documents%20and%20Settings/Junior/Documents/jrsystems/devel/jrbase/mda/../common/target/src/com/jrsystems/jrbase/location/crud/LocationTypeManageableService.java'
2012-09-25 17:04:21,991 INFO  [AndroMDA:spring] Output: 'file:/C:/Documents%20and%20Settings/Junior/Documents/jrsystems/devel/jrbase/mda/../common/target/src/com/jrsystems/jrbase/location/crud/LocationManageableService.java'
2012-09-25 17:04:21,991 INFO  [AndroMDA:spring] Output: 'file:/C:/Documents%20and%20Settings/Junior/Documents/jrsystems/devel/jrbase/mda/../common/target/src/com/jrsystems/jrbase/counter/crud/CounterManageableService.java'
2012-09-25 17:04:21,991 INFO  [AndroMDA:spring] Output: 'file:/C:/Documents%20and%20Settings/Junior/Documents/jrsystems/devel/jrbase/mda/../common/target/src/com/jrsystems/jrbase/role/crud/RoleManageableService.java'
2012-09-25 17:04:21,991 INFO  [AndroMDA:spring] Output: 'file:/C:/Documents%20and%20Settings/Junior/Documents/jrsystems/devel/jrbase/mda/../common/target/src/com/jrsystems/jrbase/clearancelevel/crud/ClearanceLevelManageableService.java'
2012-09-25 17:04:22,007 INFO  [AndroMDA:spring] Output: 'file:/C:/Documents%20and%20Settings/Junior/Documents/jrsystems/devel/jrbase/mda/../common/target/src/com/jrsystems/jrbase/loginsession/crud/LoginSessionManageableService.java'
2012-09-25 17:04:22,007 INFO  [AndroMDA:spring] Output: 'file:/C:/Documents%20and%20Settings/Junior/Documents/jrsystems/devel/jrbase/mda/../common/target/src/com/jrsystems/jrbase/workbench/program/crud/ProgramManageableService.java'
2012-09-25 17:04:22,007 INFO  [AndroMDA:spring] Output: 'file:/C:/Documents%20and%20Settings/Junior/Documents/jrsystems/devel/jrbase/mda/../common/target/src/com/jrsystems/jrbase/workbench/menu/crud/MenuManageableService.java'
2012-09-25 17:04:22,069 INFO  [AndroMDA:spring] Output: 'file:/C:/Documents%20and%20Settings/Junior/Documents/jrsystems/devel/jrbase/mda/../core/target/src/com/jrsystems/jrbase/individual/crud/IndividualManageableServiceBase.java'
2012-09-25 17:04:22,100 INFO  [AndroMDA:spring] Output: 'file:/C:/Documents%20and%20Settings/Junior/Documents/jrsystems/devel/jrbase/mda/../core/target/src/com/jrsystems/jrbase/user/crud/UserManageableServiceBase.java'
2012-09-25 17:04:22,100 INFO  [AndroMDA:spring] Output: 'file:/C:/Documents%20and%20Settings/Junior/Documents/jrsystems/devel/jrbase/mda/../core/target/src/com/jrsystems/jrbase/user/crud/UserLocationManageableServiceBase.java'
2012-09-25 17:04:22,131 INFO  [AndroMDA:spring] Output: 'file:/C:/Documents%20and%20Settings/Junior/Documents/jrsystems/devel/jrbase/mda/../core/target/src/com/jrsystems/jrbase/organisation/crud/OrganisationManageableServiceBase.java'
2012-09-25 17:04:22,147 INFO  [AndroMDA:spring] Output: 'file:/C:/Documents%20and%20Settings/Junior/Documents/jrsystems/devel/jrbase/mda/../core/target/src/com/jrsystems/jrbase/organisation/crud/OrganisationTypeManageableServiceBase.java'
2012-09-25 17:04:22,163 INFO  [AndroMDA:spring] Output: 'file:/C:/Documents%20and%20Settings/Junior/Documents/jrsystems/devel/jrbase/mda/../core/target/src/com/jrsystems/jrbase/location/crud/LocationTypeManageableServiceBase.java'
2012-09-25 17:04:22,178 INFO  [AndroMDA:spring] Output: 'file:/C:/Documents%20and%20Settings/Junior/Documents/jrsystems/devel/jrbase/mda/../core/target/src/com/jrsystems/jrbase/location/crud/LocationManageableServiceBase.java'
2012-09-25 17:04:22,178 INFO  [AndroMDA:spring] Output: 'file:/C:/Documents%20and%20Settings/Junior/Documents/jrsystems/devel/jrbase/mda/../core/target/src/com/jrsystems/jrbase/counter/crud/CounterManageableServiceBase.java'
2012-09-25 17:04:22,209 INFO  [AndroMDA:spring] Output: 'file:/C:/Documents%20and%20Settings/Junior/Documents/jrsystems/devel/jrbase/mda/../core/target/src/com/jrsystems/jrbase/role/crud/RoleManageableServiceBase.java'
2012-09-25 17:04:22,225 INFO  [AndroMDA:spring] Output: 'file:/C:/Documents%20and%20Settings/Junior/Documents/jrsystems/devel/jrbase/mda/../core/target/src/com/jrsystems/jrbase/clearancelevel/crud/ClearanceLevelManageableServiceBase.java'
2012-09-25 17:04:22,241 INFO  [AndroMDA:spring] Output: 'file:/C:/Documents%20and%20Settings/Junior/Documents/jrsystems/devel/jrbase/mda/../core/target/src/com/jrsystems/jrbase/loginsession/crud/LoginSessionManageableServiceBase.java'
2012-09-25 17:04:22,256 INFO  [AndroMDA:spring] Output: 'file:/C:/Documents%20and%20Settings/Junior/Documents/jrsystems/devel/jrbase/mda/../core/target/src/com/jrsystems/jrbase/workbench/program/crud/ProgramManageableServiceBase.java'
2012-09-25 17:04:22,272 INFO  [AndroMDA:spring] Output: 'file:/C:/Documents%20and%20Settings/Junior/Documents/jrsystems/devel/jrbase/mda/../core/target/src/com/jrsystems/jrbase/workbench/menu/crud/MenuManageableServiceBase.java'
2012-09-25 17:04:22,287 INFO  [AndroMDA:spring] Output: 'file:/C:/Documents%20and%20Settings/Junior/Documents/jrsystems/devel/jrbase/mda/../core/target/src/com/jrsystems/jrbase/individual/crud/IndividualManageableDao.java'
2012-09-25 17:04:22,287 INFO  [AndroMDA:spring] Output: 'file:/C:/Documents%20and%20Settings/Junior/Documents/jrsystems/devel/jrbase/mda/../core/target/src/com/jrsystems/jrbase/user/crud/UserManageableDao.java'
2012-09-25 17:04:22,287 INFO  [AndroMDA:spring] Output: 'file:/C:/Documents%20and%20Settings/Junior/Documents/jrsystems/devel/jrbase/mda/../core/target/src/com/jrsystems/jrbase/user/crud/UserLocationManageableDao.java'
2012-09-25 17:04:22,303 INFO  [AndroMDA:spring] Output: 'file:/C:/Documents%20and%20Settings/Junior/Documents/jrsystems/devel/jrbase/mda/../core/target/src/com/jrsystems/jrbase/organisation/crud/OrganisationManageableDao.java'
2012-09-25 17:04:22,303 INFO  [AndroMDA:spring] Output: 'file:/C:/Documents%20and%20Settings/Junior/Documents/jrsystems/devel/jrbase/mda/../core/target/src/com/jrsystems/jrbase/organisation/crud/OrganisationTypeManageableDao.java'
2012-09-25 17:04:22,303 INFO  [AndroMDA:spring] Output: 'file:/C:/Documents%20and%20Settings/Junior/Documents/jrsystems/devel/jrbase/mda/../core/target/src/com/jrsystems/jrbase/location/crud/LocationTypeManageableDao.java'
2012-09-25 17:04:22,319 INFO  [AndroMDA:spring] Output: 'file:/C:/Documents%20and%20Settings/Junior/Documents/jrsystems/devel/jrbase/mda/../core/target/src/com/jrsystems/jrbase/location/crud/LocationManageableDao.java'
2012-09-25 17:04:22,319 INFO  [AndroMDA:spring] Output: 'file:/C:/Documents%20and%20Settings/Junior/Documents/jrsystems/devel/jrbase/mda/../core/target/src/com/jrsystems/jrbase/counter/crud/CounterManageableDao.java'
2012-09-25 17:04:22,319 INFO  [AndroMDA:spring] Output: 'file:/C:/Documents%20and%20Settings/Junior/Documents/jrsystems/devel/jrbase/mda/../core/target/src/com/jrsystems/jrbase/role/crud/RoleManageableDao.java'
2012-09-25 17:04:22,334 INFO  [AndroMDA:spring] Output: 'file:/C:/Documents%20and%20Settings/Junior/Documents/jrsystems/devel/jrbase/mda/../core/target/src/com/jrsystems/jrbase/clearancelevel/crud/ClearanceLevelManageableDao.java'
2012-09-25 17:04:22,334 INFO  [AndroMDA:spring] Output: 'file:/C:/Documents%20and%20Settings/Junior/Documents/jrsystems/devel/jrbase/mda/../core/target/src/com/jrsystems/jrbase/loginsession/crud/LoginSessionManageableDao.java'
2012-09-25 17:04:22,334 INFO  [AndroMDA:spring] Output: 'file:/C:/Documents%20and%20Settings/Junior/Documents/jrsystems/devel/jrbase/mda/../core/target/src/com/jrsystems/jrbase/workbench/program/crud/ProgramManageableDao.java'
2012-09-25 17:04:22,334 INFO  [AndroMDA:spring] Output: 'file:/C:/Documents%20and%20Settings/Junior/Documents/jrsystems/devel/jrbase/mda/../core/target/src/com/jrsystems/jrbase/workbench/menu/crud/MenuManageableDao.java'
2012-09-25 17:04:22,381 INFO  [AndroMDA:spring] Output: 'file:/C:/Documents%20and%20Settings/Junior/Documents/jrsystems/devel/jrbase/mda/../core/target/src/com/jrsystems/jrbase/individual/crud/IndividualManageableDaoBase.java'
2012-09-25 17:04:22,412 INFO  [AndroMDA:spring] Output: 'file:/C:/Documents%20and%20Settings/Junior/Documents/jrsystems/devel/jrbase/mda/../core/target/src/com/jrsystems/jrbase/user/crud/UserManageableDaoBase.java'
2012-09-25 17:04:22,443 INFO  [AndroMDA:spring] Output: 'file:/C:/Documents%20and%20Settings/Junior/Documents/jrsystems/devel/jrbase/mda/../core/target/src/com/jrsystems/jrbase/user/crud/UserLocationManageableDaoBase.java'
2012-09-25 17:04:22,459 INFO  [AndroMDA:spring] Output: 'file:/C:/Documents%20and%20Settings/Junior/Documents/jrsystems/devel/jrbase/mda/../core/target/src/com/jrsystems/jrbase/organisation/crud/OrganisationManageableDaoBase.java'
2012-09-25 17:04:22,475 INFO  [AndroMDA:spring] Output: 'file:/C:/Documents%20and%20Settings/Junior/Documents/jrsystems/devel/jrbase/mda/../core/target/src/com/jrsystems/jrbase/organisation/crud/OrganisationTypeManageableDaoBase.java'
2012-09-25 17:04:22,490 INFO  [AndroMDA:spring] Output: 'file:/C:/Documents%20and%20Settings/Junior/Documents/jrsystems/devel/jrbase/mda/../core/target/src/com/jrsystems/jrbase/location/crud/LocationTypeManageableDaoBase.java'
2012-09-25 17:04:22,521 INFO  [AndroMDA:spring] Output: 'file:/C:/Documents%20and%20Settings/Junior/Documents/jrsystems/devel/jrbase/mda/../core/target/src/com/jrsystems/jrbase/location/crud/LocationManageableDaoBase.java'
2012-09-25 17:04:22,537 INFO  [AndroMDA:spring] Output: 'file:/C:/Documents%20and%20Settings/Junior/Documents/jrsystems/devel/jrbase/mda/../core/target/src/com/jrsystems/jrbase/counter/crud/CounterManageableDaoBase.java'
2012-09-25 17:04:22,553 INFO  [AndroMDA:spring] Output: 'file:/C:/Documents%20and%20Settings/Junior/Documents/jrsystems/devel/jrbase/mda/../core/target/src/com/jrsystems/jrbase/role/crud/RoleManageableDaoBase.java'
2012-09-25 17:04:22,568 INFO  [AndroMDA:spring] Output: 'file:/C:/Documents%20and%20Settings/Junior/Documents/jrsystems/devel/jrbase/mda/../core/target/src/com/jrsystems/jrbase/clearancelevel/crud/ClearanceLevelManageableDaoBase.java'
2012-09-25 17:04:22,584 INFO  [AndroMDA:spring] Output: 'file:/C:/Documents%20and%20Settings/Junior/Documents/jrsystems/devel/jrbase/mda/../core/target/src/com/jrsystems/jrbase/loginsession/crud/LoginSessionManageableDaoBase.java'
2012-09-25 17:04:22,599 INFO  [AndroMDA:spring] Output: 'file:/C:/Documents%20and%20Settings/Junior/Documents/jrsystems/devel/jrbase/mda/../core/target/src/com/jrsystems/jrbase/workbench/program/crud/ProgramManageableDaoBase.java'
2012-09-25 17:04:22,599 INFO  [AndroMDA:spring] Output: 'file:/C:/Documents%20and%20Settings/Junior/Documents/jrsystems/devel/jrbase/mda/../core/target/src/com/jrsystems/jrbase/workbench/menu/crud/MenuManageableDaoBase.java'
2012-09-25 17:04:22,631 INFO  [AndroMDA:spring] Output: 'file:/C:/Documents%20and%20Settings/Junior/Documents/jrsystems/devel/jrbase/mda/../common/target/src/com/jrsystems/jrbase/individual/crud/IndividualValueObject.java'
2012-09-25 17:04:22,646 INFO  [AndroMDA:spring] Output: 'file:/C:/Documents%20and%20Settings/Junior/Documents/jrsystems/devel/jrbase/mda/../common/target/src/com/jrsystems/jrbase/user/crud/UserValueObject.java'
2012-09-25 17:04:22,646 INFO  [AndroMDA:spring] Output: 'file:/C:/Documents%20and%20Settings/Junior/Documents/jrsystems/devel/jrbase/mda/../common/target/src/com/jrsystems/jrbase/user/crud/UserLocationValueObject.java'
2012-09-25 17:04:22,662 INFO  [AndroMDA:spring] Output: 'file:/C:/Documents%20and%20Settings/Junior/Documents/jrsystems/devel/jrbase/mda/../common/target/src/com/jrsystems/jrbase/organisation/crud/OrganisationValueObject.java'
2012-09-25 17:04:22,662 INFO  [AndroMDA:spring] Output: 'file:/C:/Documents%20and%20Settings/Junior/Documents/jrsystems/devel/jrbase/mda/../common/target/src/com/jrsystems/jrbase/organisation/crud/OrganisationTypeValueObject.java'
2012-09-25 17:04:22,677 INFO  [AndroMDA:spring] Output: 'file:/C:/Documents%20and%20Settings/Junior/Documents/jrsystems/devel/jrbase/mda/../common/target/src/com/jrsystems/jrbase/location/crud/LocationTypeValueObject.java'
2012-09-25 17:04:22,693 INFO  [AndroMDA:spring] Output: 'file:/C:/Documents%20and%20Settings/Junior/Documents/jrsystems/devel/jrbase/mda/../common/target/src/com/jrsystems/jrbase/location/crud/LocationValueObject.java'
2012-09-25 17:04:22,693 INFO  [AndroMDA:spring] Output: 'file:/C:/Documents%20and%20Settings/Junior/Documents/jrsystems/devel/jrbase/mda/../common/target/src/com/jrsystems/jrbase/counter/crud/CounterValueObject.java'
2012-09-25 17:04:22,709 INFO  [AndroMDA:spring] Output: 'file:/C:/Documents%20and%20Settings/Junior/Documents/jrsystems/devel/jrbase/mda/../common/target/src/com/jrsystems/jrbase/role/crud/RoleValueObject.java'
2012-09-25 17:04:22,709 INFO  [AndroMDA:spring] Output: 'file:/C:/Documents%20and%20Settings/Junior/Documents/jrsystems/devel/jrbase/mda/../common/target/src/com/jrsystems/jrbase/clearancelevel/crud/ClearanceLevelValueObject.java'
2012-09-25 17:04:22,724 INFO  [AndroMDA:spring] Output: 'file:/C:/Documents%20and%20Settings/Junior/Documents/jrsystems/devel/jrbase/mda/../common/target/src/com/jrsystems/jrbase/loginsession/crud/LoginSessionValueObject.java'
2012-09-25 17:04:22,724 INFO  [AndroMDA:spring] Output: 'file:/C:/Documents%20and%20Settings/Junior/Documents/jrsystems/devel/jrbase/mda/../common/target/src/com/jrsystems/jrbase/workbench/program/crud/ProgramValueObject.java'
2012-09-25 17:04:22,724 INFO  [AndroMDA:spring] Output: 'file:/C:/Documents%20and%20Settings/Junior/Documents/jrsystems/devel/jrbase/mda/../common/target/src/com/jrsystems/jrbase/workbench/menu/crud/MenuValueObject.java'
2012-09-25 17:04:23,239 INFO  [AndroMDA:hibernate] Output: 'file:/C:/Documents%20and%20Settings/Junior/Documents/jrsystems/devel/jrbase/mda/../core/target/src/com/jrsystems/jrbase/individual/Individual.hbm.xml'
2012-09-25 17:04:23,457 INFO  [AndroMDA:hibernate] Output: 'file:/C:/Documents%20and%20Settings/Junior/Documents/jrsystems/devel/jrbase/mda/../core/target/src/com/jrsystems/jrbase/user/User.hbm.xml'
2012-09-25 17:04:23,551 INFO  [AndroMDA:hibernate] Output: 'file:/C:/Documents%20and%20Settings/Junior/Documents/jrsystems/devel/jrbase/mda/../core/target/src/com/jrsystems/jrbase/user/UserLocation.hbm.xml'
2012-09-25 17:04:23,691 INFO  [AndroMDA:hibernate] Output: 'file:/C:/Documents%20and%20Settings/Junior/Documents/jrsystems/devel/jrbase/mda/../core/target/src/com/jrsystems/jrbase/organisation/Organisation.hbm.xml'
2012-09-25 17:04:23,738 INFO  [AndroMDA:hibernate] Output: 'file:/C:/Documents%20and%20Settings/Junior/Documents/jrsystems/devel/jrbase/mda/../core/target/src/com/jrsystems/jrbase/organisation/OrganisationType.hbm.xml'
2012-09-25 17:04:23,863 INFO  [AndroMDA:hibernate] Output: 'file:/C:/Documents%20and%20Settings/Junior/Documents/jrsystems/devel/jrbase/mda/../core/target/src/com/jrsystems/jrbase/location/LocationType.hbm.xml'
2012-09-25 17:04:24,050 INFO  [AndroMDA:hibernate] Output: 'file:/C:/Documents%20and%20Settings/Junior/Documents/jrsystems/devel/jrbase/mda/../core/target/src/com/jrsystems/jrbase/location/Location.hbm.xml'
2012-09-25 17:04:24,066 INFO  [AndroMDA:hibernate] Output: 'file:/C:/Documents%20and%20Settings/Junior/Documents/jrsystems/devel/jrbase/mda/../core/target/src/com/jrsystems/jrbase/counter/Counter.hbm.xml'
2012-09-25 17:04:24,175 INFO  [AndroMDA:hibernate] Output: 'file:/C:/Documents%20and%20Settings/Junior/Documents/jrsystems/devel/jrbase/mda/../core/target/src/com/jrsystems/jrbase/role/Role.hbm.xml'
2012-09-25 17:04:24,269 INFO  [AndroMDA:hibernate] Output: 'file:/C:/Documents%20and%20Settings/Junior/Documents/jrsystems/devel/jrbase/mda/../core/target/src/com/jrsystems/jrbase/clearancelevel/ClearanceLevel.hbm.xml'
2012-09-25 17:04:24,347 INFO  [AndroMDA:hibernate] Output: 'file:/C:/Documents%20and%20Settings/Junior/Documents/jrsystems/devel/jrbase/mda/../core/target/src/com/jrsystems/jrbase/loginsession/LoginSession.hbm.xml'
2012-09-25 17:04:24,425 INFO  [AndroMDA:hibernate] Output: 'file:/C:/Documents%20and%20Settings/Junior/Documents/jrsystems/devel/jrbase/mda/../core/target/src/com/jrsystems/jrbase/workbench/program/Program.hbm.xml'
2012-09-25 17:04:24,487 INFO  [AndroMDA:hibernate] Output: 'file:/C:/Documents%20and%20Settings/Junior/Documents/jrsystems/devel/jrbase/mda/../core/target/src/com/jrsystems/jrbase/workbench/menu/Menu.hbm.xml'
2012-09-25 17:04:24,518 INFO  [AndroMDA:hibernate] Output: 'file:/C:/Documents%20and%20Settings/Junior/Documents/jrsystems/devel/jrbase/mda/../core/target/src/com/jrsystems/jrbase/individual/GenderEnum.java'
2012-09-25 17:04:24,565 INFO  [AndroMDA:hibernate] Output: 'file:/C:/Documents%20and%20Settings/Junior/Documents/jrsystems/devel/jrbase/mda/../core/target/src/com/jrsystems/jrbase/individual/SalutationEnum.java'
2012-09-25 17:04:24,581 INFO  [AndroMDA:hibernate] Output: 'file:/C:/Documents%20and%20Settings/Junior/Documents/jrsystems/devel/jrbase/mda/../core/target/src/com/jrsystems/jrbase/user/UserStatusEnum.java'
2012-09-25 17:04:24,612 INFO  [AndroMDA:hibernate] Output: 'file:/C:/Documents%20and%20Settings/Junior/Documents/jrsystems/devel/jrbase/mda/../core/target/src/com/jrsystems/jrbase/user/UserLocationStatusEnum.java'
2012-09-25 17:04:24,627 INFO  [AndroMDA:hibernate] Output: 'file:/C:/Documents%20and%20Settings/Junior/Documents/jrsystems/devel/jrbase/mda/../core/target/src/com/jrsystems/jrbase/location/LocationStatusEnum.java'
2012-09-25 17:04:24,659 INFO  [AndroMDA:hibernate] Output: 'file:/C:/Documents%20and%20Settings/Junior/Documents/jrsystems/devel/jrbase/mda/../core/target/src/com/jrsystems/jrbase/location/TypeEnum.java'
2012-09-25 17:04:24,690 INFO  [AndroMDA:hibernate] Output: 'file:/C:/Documents%20and%20Settings/Junior/Documents/jrsystems/devel/jrbase/mda/../core/target/src/com/jrsystems/jrbase/TimeTypeEnum.java'
2012-09-25 17:04:25,782 INFO  [AndroMDA:hibernate] Output: 'file:/C:/Documents%20and%20Settings/Junior/Documents/jrsystems/devel/jrbase/mda/../core/target/src/com/jrsystems/jrbase/individual/Individual.java'
2012-09-25 17:04:26,546 INFO  [AndroMDA:hibernate] Output: 'file:/C:/Documents%20and%20Settings/Junior/Documents/jrsystems/devel/jrbase/mda/../core/target/src/com/jrsystems/jrbase/user/User.java'
2012-09-25 17:04:26,702 INFO  [AndroMDA:hibernate] Output: 'file:/C:/Documents%20and%20Settings/Junior/Documents/jrsystems/devel/jrbase/mda/../core/target/src/com/jrsystems/jrbase/user/UserLocation.java'
2012-09-25 17:04:26,967 INFO  [AndroMDA:hibernate] Output: 'file:/C:/Documents%20and%20Settings/Junior/Documents/jrsystems/devel/jrbase/mda/../core/target/src/com/jrsystems/jrbase/organisation/Organisation.java'
2012-09-25 17:04:27,045 INFO  [AndroMDA:hibernate] Output: 'file:/C:/Documents%20and%20Settings/Junior/Documents/jrsystems/devel/jrbase/mda/../core/target/src/com/jrsystems/jrbase/organisation/OrganisationType.java'
2012-09-25 17:04:27,295 INFO  [AndroMDA:hibernate] Output: 'file:/C:/Documents%20and%20Settings/Junior/Documents/jrsystems/devel/jrbase/mda/../core/target/src/com/jrsystems/jrbase/location/LocationType.java'
2012-09-25 17:04:28,215 INFO  [AndroMDA:hibernate] Output: 'file:/C:/Documents%20and%20Settings/Junior/Documents/jrsystems/devel/jrbase/mda/../core/target/src/com/jrsystems/jrbase/location/Location.java'
2012-09-25 17:04:28,247 INFO  [AndroMDA:hibernate] Output: 'file:/C:/Documents%20and%20Settings/Junior/Documents/jrsystems/devel/jrbase/mda/../core/target/src/com/jrsystems/jrbase/counter/Counter.java'
2012-09-25 17:04:28,512 INFO  [AndroMDA:hibernate] Output: 'file:/C:/Documents%20and%20Settings/Junior/Documents/jrsystems/devel/jrbase/mda/../core/target/src/com/jrsystems/jrbase/role/Role.java'
2012-09-25 17:04:28,871 INFO  [AndroMDA:hibernate] Output: 'file:/C:/Documents%20and%20Settings/Junior/Documents/jrsystems/devel/jrbase/mda/../core/target/src/com/jrsystems/jrbase/clearancelevel/ClearanceLevel.java'
2012-09-25 17:04:28,949 INFO  [AndroMDA:hibernate] Output: 'file:/C:/Documents%20and%20Settings/Junior/Documents/jrsystems/devel/jrbase/mda/../core/target/src/com/jrsystems/jrbase/loginsession/LoginSession.java'
2012-09-25 17:04:29,120 INFO  [AndroMDA:hibernate] Output: 'file:/C:/Documents%20and%20Settings/Junior/Documents/jrsystems/devel/jrbase/mda/../core/target/src/com/jrsystems/jrbase/workbench/program/Program.java'
2012-09-25 17:04:29,276 INFO  [AndroMDA:hibernate] Output: 'file:/C:/Documents%20and%20Settings/Junior/Documents/jrsystems/devel/jrbase/mda/../core/target/src/com/jrsystems/jrbase/workbench/menu/Menu.java'
2012-09-25 17:04:29,292 INFO  [AndroMDA:hibernate] Output: 'file:/C:/Documents%20and%20Settings/Junior/Documents/jrsystems/devel/jrbase/mda/../core/target/src/com/jrsystems/jrbase/individual/IndividualImpl.java'
2012-09-25 17:04:29,292 INFO  [AndroMDA:hibernate] Output: 'file:/C:/Documents%20and%20Settings/Junior/Documents/jrsystems/devel/jrbase/mda/../core/target/src/com/jrsystems/jrbase/user/UserImpl.java'
2012-09-25 17:04:29,292 INFO  [AndroMDA:hibernate] Output: 'file:/C:/Documents%20and%20Settings/Junior/Documents/jrsystems/devel/jrbase/mda/../core/target/src/com/jrsystems/jrbase/user/UserLocationImpl.java'
2012-09-25 17:04:29,292 INFO  [AndroMDA:hibernate] Output: 'file:/C:/Documents%20and%20Settings/Junior/Documents/jrsystems/devel/jrbase/mda/../core/target/src/com/jrsystems/jrbase/organisation/OrganisationImpl.java'
2012-09-25 17:04:29,292 INFO  [AndroMDA:hibernate] Output: 'file:/C:/Documents%20and%20Settings/Junior/Documents/jrsystems/devel/jrbase/mda/../core/target/src/com/jrsystems/jrbase/organisation/OrganisationTypeImpl.java'
2012-09-25 17:04:29,292 INFO  [AndroMDA:hibernate] Output: 'file:/C:/Documents%20and%20Settings/Junior/Documents/jrsystems/devel/jrbase/mda/../core/target/src/com/jrsystems/jrbase/location/LocationTypeImpl.java'
2012-09-25 17:04:29,292 INFO  [AndroMDA:hibernate] Output: 'file:/C:/Documents%20and%20Settings/Junior/Documents/jrsystems/devel/jrbase/mda/../core/target/src/com/jrsystems/jrbase/location/LocationImpl.java'
2012-09-25 17:04:29,292 INFO  [AndroMDA:hibernate] Output: 'file:/C:/Documents%20and%20Settings/Junior/Documents/jrsystems/devel/jrbase/mda/../core/target/src/com/jrsystems/jrbase/counter/CounterImpl.java'
2012-09-25 17:04:29,292 INFO  [AndroMDA:hibernate] Output: 'file:/C:/Documents%20and%20Settings/Junior/Documents/jrsystems/devel/jrbase/mda/../core/target/src/com/jrsystems/jrbase/role/RoleImpl.java'
2012-09-25 17:04:29,292 INFO  [AndroMDA:hibernate] Output: 'file:/C:/Documents%20and%20Settings/Junior/Documents/jrsystems/devel/jrbase/mda/../core/target/src/com/jrsystems/jrbase/clearancelevel/ClearanceLevelImpl.java'
2012-09-25 17:04:29,292 INFO  [AndroMDA:hibernate] Output: 'file:/C:/Documents%20and%20Settings/Junior/Documents/jrsystems/devel/jrbase/mda/../core/target/src/com/jrsystems/jrbase/loginsession/LoginSessionImpl.java'
2012-09-25 17:04:29,307 INFO  [AndroMDA:hibernate] Output: 'file:/C:/Documents%20and%20Settings/Junior/Documents/jrsystems/devel/jrbase/mda/../core/target/src/com/jrsystems/jrbase/workbench/program/ProgramImpl.java'
2012-09-25 17:04:29,307 INFO  [AndroMDA:hibernate] Output: 'file:/C:/Documents%20and%20Settings/Junior/Documents/jrsystems/devel/jrbase/mda/../core/target/src/com/jrsystems/jrbase/workbench/menu/MenuImpl.java'
2012-09-25 17:04:29,307 INFO  [AndroMDA:hibernate] Output: 'file:/C:/Documents%20and%20Settings/Junior/Documents/jrsystems/devel/jrbase/mda/../core/target/src/org/andromda/persistence/hibernate/usertypes/HibernateByteBlobType.java'
2012-09-25 17:04:29,307 INFO  [AndroMDA:hibernate] Output: 'file:/C:/Documents%20and%20Settings/Junior/Documents/jrsystems/devel/jrbase/mda/../core/target/src/org/andromda/persistence/hibernate/usertypes/HibernateStringClobType.java'
2012-09-25 17:04:29,604 INFO  [AndroMDA:hibernate] Output: 'file:/C:/Documents%20and%20Settings/Junior/Documents/jrsystems/devel/jrbase/mda/../core/target/src/ehcache.xml'
2012-09-25 17:04:29,978 INFO  [AndroMDA:java] Output: 'file:/C:/Documents%20and%20Settings/Junior/Documents/jrsystems/devel/jrbase/mda/../common/target/src/com/jrsystems/jrbase/individual/vo/IndividualVO.java'
2012-09-25 17:04:30,009 INFO  [AndroMDA:java] Output: 'file:/C:/Documents%20and%20Settings/Junior/Documents/jrsystems/devel/jrbase/mda/../common/target/src/com/jrsystems/jrbase/individual/vo/IndividualSearchCriteria.java'
2012-09-25 17:04:30,087 INFO  [AndroMDA:java] Output: 'file:/C:/Documents%20and%20Settings/Junior/Documents/jrsystems/devel/jrbase/mda/../common/target/src/com/jrsystems/jrbase/user/vo/UserVO.java'
2012-09-25 17:04:30,119 INFO  [AndroMDA:java] Output: 'file:/C:/Documents%20and%20Settings/Junior/Documents/jrsystems/devel/jrbase/mda/../common/target/src/com/jrsystems/jrbase/user/vo/UserSearchCriteria.java'
2012-09-25 17:04:30,134 INFO  [AndroMDA:java] Output: 'file:/C:/Documents%20and%20Settings/Junior/Documents/jrsystems/devel/jrbase/mda/../common/target/src/com/jrsystems/jrbase/user/vo/UserLocationVO.java'
2012-09-25 17:04:30,165 INFO  [AndroMDA:java] Output: 'file:/C:/Documents%20and%20Settings/Junior/Documents/jrsystems/devel/jrbase/mda/../common/target/src/com/jrsystems/jrbase/user/vo/UserLocationSearchCriteria.java'
2012-09-25 17:04:30,197 INFO  [AndroMDA:java] Output: 'file:/C:/Documents%20and%20Settings/Junior/Documents/jrsystems/devel/jrbase/mda/../common/target/src/com/jrsystems/jrbase/organisation/vo/OrganisationVO.java'
2012-09-25 17:04:30,212 INFO  [AndroMDA:java] Output: 'file:/C:/Documents%20and%20Settings/Junior/Documents/jrsystems/devel/jrbase/mda/../common/target/src/com/jrsystems/jrbase/organisation/vo/OrganisationSearchCriteria.java'
2012-09-25 17:04:30,243 INFO  [AndroMDA:java] Output: 'file:/C:/Documents%20and%20Settings/Junior/Documents/jrsystems/devel/jrbase/mda/../common/target/src/com/jrsystems/jrbase/organisation/vo/OrganisationTypeVO.java'
2012-09-25 17:04:30,259 INFO  [AndroMDA:java] Output: 'file:/C:/Documents%20and%20Settings/Junior/Documents/jrsystems/devel/jrbase/mda/../common/target/src/com/jrsystems/jrbase/organisation/vo/OrganisationTypeSearchCriteria.java'
2012-09-25 17:04:30,306 INFO  [AndroMDA:java] Output: 'file:/C:/Documents%20and%20Settings/Junior/Documents/jrsystems/devel/jrbase/mda/../common/target/src/com/jrsystems/jrbase/location/vo/LocationVO.java'
2012-09-25 17:04:30,321 INFO  [AndroMDA:java] Output: 'file:/C:/Documents%20and%20Settings/Junior/Documents/jrsystems/devel/jrbase/mda/../common/target/src/com/jrsystems/jrbase/location/vo/LocationTypeVO.java'
2012-09-25 17:04:30,337 INFO  [AndroMDA:java] Output: 'file:/C:/Documents%20and%20Settings/Junior/Documents/jrsystems/devel/jrbase/mda/../common/target/src/com/jrsystems/jrbase/location/vo/LocationTypeSearchCriteria.java'
2012-09-25 17:04:30,368 INFO  [AndroMDA:java] Output: 'file:/C:/Documents%20and%20Settings/Junior/Documents/jrsystems/devel/jrbase/mda/../common/target/src/com/jrsystems/jrbase/location/vo/LocationSearchCriteria.java'
2012-09-25 17:04:30,384 INFO  [AndroMDA:java] Output: 'file:/C:/Documents%20and%20Settings/Junior/Documents/jrsystems/devel/jrbase/mda/../common/target/src/com/jrsystems/jrbase/counter/vo/CounterVO.java'
2012-09-25 17:04:30,415 INFO  [AndroMDA:java] Output: 'file:/C:/Documents%20and%20Settings/Junior/Documents/jrsystems/devel/jrbase/mda/../common/target/src/com/jrsystems/jrbase/role/vo/RoleVO.java'
2012-09-25 17:04:30,431 INFO  [AndroMDA:java] Output: 'file:/C:/Documents%20and%20Settings/Junior/Documents/jrsystems/devel/jrbase/mda/../common/target/src/com/jrsystems/jrbase/role/vo/RoleSearchCriteria.java'
2012-09-25 17:04:30,462 INFO  [AndroMDA:java] Output: 'file:/C:/Documents%20and%20Settings/Junior/Documents/jrsystems/devel/jrbase/mda/../common/target/src/com/jrsystems/jrbase/clearancelevel/vo/ClearanceLevelVO.java'
2012-09-25 17:04:30,477 INFO  [AndroMDA:java] Output: 'file:/C:/Documents%20and%20Settings/Junior/Documents/jrsystems/devel/jrbase/mda/../common/target/src/com/jrsystems/jrbase/clearancelevel/vo/ClearanceLevelSearchCriteria.java'
2012-09-25 17:04:30,493 INFO  [AndroMDA:java] Output: 'file:/C:/Documents%20and%20Settings/Junior/Documents/jrsystems/devel/jrbase/mda/../common/target/src/com/jrsystems/jrbase/loginsession/vo/LoginSessionVO.java'
2012-09-25 17:04:30,493 INFO  [AndroMDA:java] Output: 'file:/C:/Documents%20and%20Settings/Junior/Documents/jrsystems/devel/jrbase/mda/../common/target/src/com/jrsystems/jrbase/loginsession/vo/LoginSearchCriteria.java'
2012-09-25 17:04:30,524 INFO  [AndroMDA:java] Output: 'file:/C:/Documents%20and%20Settings/Junior/Documents/jrsystems/devel/jrbase/mda/../common/target/src/com/jrsystems/jrbase/workbench/program/vo/ProgramVO.java'
2012-09-25 17:04:30,540 INFO  [AndroMDA:java] Output: 'file:/C:/Documents%20and%20Settings/Junior/Documents/jrsystems/devel/jrbase/mda/../common/target/src/com/jrsystems/jrbase/workbench/program/vo/ProgramSearchCriteria.java'
2012-09-25 17:04:30,571 INFO  [AndroMDA:java] Output: 'file:/C:/Documents%20and%20Settings/Junior/Documents/jrsystems/devel/jrbase/mda/../common/target/src/com/jrsystems/jrbase/workbench/menu/vo/MenuVO.java'
2012-09-25 17:04:30,587 INFO  [AndroMDA:java] Output: 'file:/C:/Documents%20and%20Settings/Junior/Documents/jrsystems/devel/jrbase/mda/../common/target/src/com/jrsystems/jrbase/workbench/menu/vo/MenuSearchCriteria.java'
2012-09-25 17:04:30,649 INFO  [AndroMDA:java] Output: 'file:/C:/Documents%20and%20Settings/Junior/Documents/jrsystems/devel/jrbase/mda/../common/target/src/com/jrsystems/jrbase/individual/Gender.java'
2012-09-25 17:04:30,743 INFO  [AndroMDA:java] Output: 'file:/C:/Documents%20and%20Settings/Junior/Documents/jrsystems/devel/jrbase/mda/../common/target/src/com/jrsystems/jrbase/individual/Salutation.java'
2012-09-25 17:04:30,821 INFO  [AndroMDA:java] Output: 'file:/C:/Documents%20and%20Settings/Junior/Documents/jrsystems/devel/jrbase/mda/../common/target/src/com/jrsystems/jrbase/user/UserStatus.java'
2012-09-25 17:04:30,852 INFO  [AndroMDA:java] Output: 'file:/C:/Documents%20and%20Settings/Junior/Documents/jrsystems/devel/jrbase/mda/../common/target/src/com/jrsystems/jrbase/user/UserLocationStatus.java'
2012-09-25 17:04:30,899 INFO  [AndroMDA:java] Output: 'file:/C:/Documents%20and%20Settings/Junior/Documents/jrsystems/devel/jrbase/mda/../common/target/src/com/jrsystems/jrbase/location/LocationStatus.java'
2012-09-25 17:04:30,961 INFO  [AndroMDA:java] Output: 'file:/C:/Documents%20and%20Settings/Junior/Documents/jrsystems/devel/jrbase/mda/../common/target/src/com/jrsystems/jrbase/location/Type.java'
2012-09-25 17:04:31,023 INFO  [AndroMDA:java] Output: 'file:/C:/Documents%20and%20Settings/Junior/Documents/jrsystems/devel/jrbase/mda/../common/target/src/com/jrsystems/jrbase/TimeType.java'
2012-09-25 17:04:31,039 INFO  [AndroMDA] completed model processing --> TIME: 25.631[s], RESOURCES WRITTEN: 252
