INFO  2012-09-15 14:20:34,510 - ************************************************************** 
INFO  2012-09-15 14:20:34,510 - Starting Jakarta Velocity v1.4
INFO  2012-09-15 14:20:34,510 - RuntimeInstance initializing.
INFO  2012-09-15 14:20:34,510 - Default Properties File: org\apache\velocity\runtime\defaults\velocity.properties
INFO  2012-09-15 14:20:34,510 - Default ResourceManager initializing. (class org.apache.velocity.runtime.resource.ResourceManagerImpl)
INFO  2012-09-15 14:20:34,510 - Resource Loader Instantiated: org.apache.velocity.runtime.resource.loader.FileResourceLoader
INFO  2012-09-15 14:20:34,510 - FileResourceLoader : initialization starting.
INFO  2012-09-15 14:20:34,511 - FileResourceLoader : adding path '.'
INFO  2012-09-15 14:20:34,511 - FileResourceLoader : initialization complete.
INFO  2012-09-15 14:20:34,511 - Resource Loader Instantiated: org.andromda.templateengines.velocity.ClasspathResourceLoader
INFO  2012-09-15 14:20:34,511 - ClasspathResourceLoader : initialization starting.
INFO  2012-09-15 14:20:34,511 - ClasspathResourceLoader : initialization complete.
INFO  2012-09-15 14:20:34,511 - ResourceCache : initialized. (class org.apache.velocity.runtime.resource.ResourceCacheImpl)
INFO  2012-09-15 14:20:34,511 - Default ResourceManager initialization complete.
INFO  2012-09-15 14:20:34,511 - Loaded System Directive: org.apache.velocity.runtime.directive.Literal
INFO  2012-09-15 14:20:34,511 - Loaded System Directive: org.apache.velocity.runtime.directive.Macro
INFO  2012-09-15 14:20:34,511 - Loaded System Directive: org.apache.velocity.runtime.directive.Parse
INFO  2012-09-15 14:20:34,511 - Loaded System Directive: org.apache.velocity.runtime.directive.Include
INFO  2012-09-15 14:20:34,511 - Loaded System Directive: org.apache.velocity.runtime.directive.Foreach
INFO  2012-09-15 14:20:34,512 - Created: 20 parsers.
INFO  2012-09-15 14:20:34,512 - Velocimacro : initialization starting.
INFO  2012-09-15 14:20:34,512 - Velocimacro : adding VMs from VM library template : VM_global_library.vm
INFO  2012-09-15 14:20:34,513 - ResourceManager : unable to find resource 'VM_global_library.vm' in any resource loader.
INFO  2012-09-15 14:20:34,513 - Velocimacro : error using  VM library template VM_global_library.vm : org.apache.velocity.exception.ResourceNotFoundException: Unable to find resource 'VM_global_library.vm'
INFO  2012-09-15 14:20:34,513 - Velocimacro :  VM library template macro registration complete.
INFO  2012-09-15 14:20:34,513 - Velocimacro : allowInline = true : VMs can be defined inline in templates
INFO  2012-09-15 14:20:34,513 - Velocimacro : allowInlineToOverride = false : VMs defined inline may NOT replace previous VM definitions
INFO  2012-09-15 14:20:34,513 - Velocimacro : allowInlineLocal = false : VMs defined inline will be  global in scope if allowed.
INFO  2012-09-15 14:20:34,513 - Velocimacro : messages on  : VM system will output logging messages
INFO  2012-09-15 14:20:34,513 - Velocimacro : autoload off  : VM system will not automatically reload global library macros
INFO  2012-09-15 14:20:34,513 - Velocimacro : initialization complete.
INFO  2012-09-15 14:20:34,513 - Velocity successfully started.
INFO  2012-09-15 14:20:34,517 - ResourceManager : found templates/java/Service.vsl with loader org.andromda.templateengines.velocity.ClasspathResourceLoader
INFO  2012-09-15 14:20:34,595 - ResourceManager : found templates/java/ServiceImpl.vsl with loader org.andromda.templateengines.velocity.ClasspathResourceLoader
INFO  2012-09-15 14:20:34,595 - RHS of #set statement is null. Context will not be modified. templates/java/ServiceImpl.vsl [line 10, column 1]
INFO  2012-09-15 14:20:34,597 - RHS of #set statement is null. Context will not be modified. templates/java/ServiceImpl.vsl [line 35, column 1]
INFO  2012-09-15 14:20:34,597 - RHS of #set statement is null. Context will not be modified. templates/java/ServiceImpl.vsl [line 35, column 1]
INFO  2012-09-15 14:20:34,598 - RHS of #set statement is null. Context will not be modified. templates/java/ServiceImpl.vsl [line 35, column 1]
INFO  2012-09-15 14:20:34,598 - RHS of #set statement is null. Context will not be modified. templates/java/ServiceImpl.vsl [line 10, column 1]
INFO  2012-09-15 14:20:34,602 - RHS of #set statement is null. Context will not be modified. templates/java/ServiceImpl.vsl [line 35, column 1]
INFO  2012-09-15 14:20:34,602 - RHS of #set statement is null. Context will not be modified. templates/java/ServiceImpl.vsl [line 35, column 1]
INFO  2012-09-15 14:20:34,602 - RHS of #set statement is null. Context will not be modified. templates/java/ServiceImpl.vsl [line 35, column 1]
INFO  2012-09-15 14:20:34,603 - RHS of #set statement is null. Context will not be modified. templates/java/ServiceImpl.vsl [line 35, column 1]
INFO  2012-09-15 14:20:34,603 - RHS of #set statement is null. Context will not be modified. templates/java/ServiceImpl.vsl [line 35, column 1]
INFO  2012-09-15 14:20:34,603 - RHS of #set statement is null. Context will not be modified. templates/java/ServiceImpl.vsl [line 35, column 1]
INFO  2012-09-15 14:20:34,603 - RHS of #set statement is null. Context will not be modified. templates/java/ServiceImpl.vsl [line 35, column 1]
INFO  2012-09-15 14:20:34,604 - RHS of #set statement is null. Context will not be modified. templates/java/ServiceImpl.vsl [line 10, column 1]
INFO  2012-09-15 14:20:34,608 - RHS of #set statement is null. Context will not be modified. templates/java/ServiceImpl.vsl [line 35, column 1]
INFO  2012-09-15 14:20:34,608 - RHS of #set statement is null. Context will not be modified. templates/java/ServiceImpl.vsl [line 35, column 1]
INFO  2012-09-15 14:20:34,609 - RHS of #set statement is null. Context will not be modified. templates/java/ServiceImpl.vsl [line 35, column 1]
INFO  2012-09-15 14:20:34,609 - RHS of #set statement is null. Context will not be modified. templates/java/ServiceImpl.vsl [line 35, column 1]
INFO  2012-09-15 14:20:34,609 - RHS of #set statement is null. Context will not be modified. templates/java/ServiceImpl.vsl [line 35, column 1]
INFO  2012-09-15 14:20:34,610 - RHS of #set statement is null. Context will not be modified. templates/java/ServiceImpl.vsl [line 35, column 1]
INFO  2012-09-15 14:20:34,610 - RHS of #set statement is null. Context will not be modified. templates/java/ServiceImpl.vsl [line 35, column 1]
INFO  2012-09-15 14:20:34,611 - RHS of #set statement is null. Context will not be modified. templates/java/ServiceImpl.vsl [line 10, column 1]
INFO  2012-09-15 14:20:34,616 - RHS of #set statement is null. Context will not be modified. templates/java/ServiceImpl.vsl [line 35, column 1]
INFO  2012-09-15 14:20:34,616 - RHS of #set statement is null. Context will not be modified. templates/java/ServiceImpl.vsl [line 35, column 1]
INFO  2012-09-15 14:20:34,616 - RHS of #set statement is null. Context will not be modified. templates/java/ServiceImpl.vsl [line 35, column 1]
INFO  2012-09-15 14:20:34,617 - RHS of #set statement is null. Context will not be modified. templates/java/ServiceImpl.vsl [line 35, column 1]
INFO  2012-09-15 14:20:34,617 - RHS of #set statement is null. Context will not be modified. templates/java/ServiceImpl.vsl [line 35, column 1]
INFO  2012-09-15 14:20:34,617 - RHS of #set statement is null. Context will not be modified. templates/java/ServiceImpl.vsl [line 35, column 1]
INFO  2012-09-15 14:20:34,617 - RHS of #set statement is null. Context will not be modified. templates/java/ServiceImpl.vsl [line 35, column 1]
INFO  2012-09-15 14:20:34,618 - RHS of #set statement is null. Context will not be modified. templates/java/ServiceImpl.vsl [line 35, column 1]
INFO  2012-09-15 14:20:34,618 - RHS of #set statement is null. Context will not be modified. templates/java/ServiceImpl.vsl [line 35, column 1]
INFO  2012-09-15 14:20:34,618 - RHS of #set statement is null. Context will not be modified. templates/java/ServiceImpl.vsl [line 10, column 1]
INFO  2012-09-15 14:20:34,620 - RHS of #set statement is null. Context will not be modified. templates/java/ServiceImpl.vsl [line 35, column 1]
INFO  2012-09-15 14:20:34,620 - RHS of #set statement is null. Context will not be modified. templates/java/ServiceImpl.vsl [line 35, column 1]
INFO  2012-09-15 14:20:34,621 - RHS of #set statement is null. Context will not be modified. templates/java/ServiceImpl.vsl [line 35, column 1]
INFO  2012-09-15 14:20:34,621 - RHS of #set statement is null. Context will not be modified. templates/java/ServiceImpl.vsl [line 10, column 1]
INFO  2012-09-15 14:20:34,624 - RHS of #set statement is null. Context will not be modified. templates/java/ServiceImpl.vsl [line 35, column 1]
INFO  2012-09-15 14:20:34,624 - RHS of #set statement is null. Context will not be modified. templates/java/ServiceImpl.vsl [line 35, column 1]
INFO  2012-09-15 14:20:34,624 - RHS of #set statement is null. Context will not be modified. templates/java/ServiceImpl.vsl [line 35, column 1]
INFO  2012-09-15 14:20:34,625 - RHS of #set statement is null. Context will not be modified. templates/java/ServiceImpl.vsl [line 35, column 1]
INFO  2012-09-15 14:20:34,625 - RHS of #set statement is null. Context will not be modified. templates/java/ServiceImpl.vsl [line 35, column 1]
INFO  2012-09-15 14:20:34,625 - RHS of #set statement is null. Context will not be modified. templates/java/ServiceImpl.vsl [line 10, column 1]
INFO  2012-09-15 14:20:34,627 - RHS of #set statement is null. Context will not be modified. templates/java/ServiceImpl.vsl [line 35, column 1]
INFO  2012-09-15 14:20:34,627 - RHS of #set statement is null. Context will not be modified. templates/java/ServiceImpl.vsl [line 35, column 1]
INFO  2012-09-15 14:20:34,628 - RHS of #set statement is null. Context will not be modified. templates/java/ServiceImpl.vsl [line 35, column 1]
INFO  2012-09-15 14:20:34,628 - RHS of #set statement is null. Context will not be modified. templates/java/ServiceImpl.vsl [line 10, column 1]
INFO  2012-09-15 14:20:34,630 - RHS of #set statement is null. Context will not be modified. templates/java/ServiceImpl.vsl [line 35, column 1]
INFO  2012-09-15 14:20:34,630 - RHS of #set statement is null. Context will not be modified. templates/java/ServiceImpl.vsl [line 35, column 1]
INFO  2012-09-15 14:20:34,631 - RHS of #set statement is null. Context will not be modified. templates/java/ServiceImpl.vsl [line 35, column 1]
INFO  2012-09-15 14:20:34,631 - RHS of #set statement is null. Context will not be modified. templates/java/ServiceImpl.vsl [line 10, column 1]
INFO  2012-09-15 14:20:34,794 - RHS of #set statement is null. Context will not be modified. templates/java/ServiceImpl.vsl [line 35, column 1]
INFO  2012-09-15 14:20:34,795 - RHS of #set statement is null. Context will not be modified. templates/java/ServiceImpl.vsl [line 35, column 1]
INFO  2012-09-15 14:20:34,795 - RHS of #set statement is null. Context will not be modified. templates/java/ServiceImpl.vsl [line 35, column 1]
INFO  2012-09-15 14:20:34,795 - RHS of #set statement is null. Context will not be modified. templates/java/ServiceImpl.vsl [line 10, column 1]
INFO  2012-09-15 14:20:34,798 - RHS of #set statement is null. Context will not be modified. templates/java/ServiceImpl.vsl [line 35, column 1]
INFO  2012-09-15 14:20:34,798 - RHS of #set statement is null. Context will not be modified. templates/java/ServiceImpl.vsl [line 35, column 1]
INFO  2012-09-15 14:20:34,798 - RHS of #set statement is null. Context will not be modified. templates/java/ServiceImpl.vsl [line 35, column 1]
INFO  2012-09-15 14:20:34,799 - RHS of #set statement is null. Context will not be modified. templates/java/ServiceImpl.vsl [line 35, column 1]
INFO  2012-09-15 14:20:34,799 - RHS of #set statement is null. Context will not be modified. templates/java/ServiceImpl.vsl [line 35, column 1]
INFO  2012-09-15 14:20:34,804 - ResourceManager : found templates/java/ValueObject.vsl with loader org.andromda.templateengines.velocity.ClasspathResourceLoader
INFO  2012-09-15 14:20:35,554 - ResourceManager : found templates/java/Enumeration.vsl with loader org.andromda.templateengines.velocity.ClasspathResourceLoader
INFO  2012-09-15 14:26:57,106 - ************************************************************** 
INFO  2012-09-15 14:26:57,106 - Starting Jakarta Velocity v1.4
INFO  2012-09-15 14:26:57,107 - RuntimeInstance initializing.
INFO  2012-09-15 14:26:57,107 - Default Properties File: org\apache\velocity\runtime\defaults\velocity.properties
INFO  2012-09-15 14:26:57,107 - Default ResourceManager initializing. (class org.apache.velocity.runtime.resource.ResourceManagerImpl)
INFO  2012-09-15 14:26:57,107 - Resource Loader Instantiated: org.apache.velocity.runtime.resource.loader.FileResourceLoader
INFO  2012-09-15 14:26:57,107 - FileResourceLoader : initialization starting.
INFO  2012-09-15 14:26:57,107 - FileResourceLoader : adding path '.'
INFO  2012-09-15 14:26:57,107 - FileResourceLoader : initialization complete.
INFO  2012-09-15 14:26:57,107 - Resource Loader Instantiated: org.andromda.templateengines.velocity.ClasspathResourceLoader
INFO  2012-09-15 14:26:57,107 - ClasspathResourceLoader : initialization starting.
INFO  2012-09-15 14:26:57,107 - ClasspathResourceLoader : initialization complete.
INFO  2012-09-15 14:26:57,107 - ResourceCache : initialized. (class org.apache.velocity.runtime.resource.ResourceCacheImpl)
INFO  2012-09-15 14:26:57,107 - Default ResourceManager initialization complete.
INFO  2012-09-15 14:26:57,107 - Loaded System Directive: org.apache.velocity.runtime.directive.Literal
INFO  2012-09-15 14:26:57,107 - Loaded System Directive: org.apache.velocity.runtime.directive.Macro
INFO  2012-09-15 14:26:57,107 - Loaded System Directive: org.apache.velocity.runtime.directive.Parse
INFO  2012-09-15 14:26:57,107 - Loaded System Directive: org.apache.velocity.runtime.directive.Include
INFO  2012-09-15 14:26:57,107 - Loaded System Directive: org.apache.velocity.runtime.directive.Foreach
INFO  2012-09-15 14:26:57,108 - Created: 20 parsers.
INFO  2012-09-15 14:26:57,108 - Velocimacro : initialization starting.
INFO  2012-09-15 14:26:57,108 - Velocimacro : adding VMs from VM library template : VM_global_library.vm
INFO  2012-09-15 14:26:57,109 - ResourceManager : unable to find resource 'VM_global_library.vm' in any resource loader.
INFO  2012-09-15 14:26:57,109 - Velocimacro : error using  VM library template VM_global_library.vm : org.apache.velocity.exception.ResourceNotFoundException: Unable to find resource 'VM_global_library.vm'
INFO  2012-09-15 14:26:57,109 - Velocimacro :  VM library template macro registration complete.
INFO  2012-09-15 14:26:57,109 - Velocimacro : allowInline = true : VMs can be defined inline in templates
INFO  2012-09-15 14:26:57,109 - Velocimacro : allowInlineToOverride = false : VMs defined inline may NOT replace previous VM definitions
INFO  2012-09-15 14:26:57,109 - Velocimacro : allowInlineLocal = false : VMs defined inline will be  global in scope if allowed.
INFO  2012-09-15 14:26:57,109 - Velocimacro : messages on  : VM system will output logging messages
INFO  2012-09-15 14:26:57,109 - Velocimacro : autoload off  : VM system will not automatically reload global library macros
INFO  2012-09-15 14:26:57,109 - Velocimacro : initialization complete.
INFO  2012-09-15 14:26:57,109 - Velocity successfully started.
INFO  2012-09-15 14:26:57,112 - ResourceManager : found templates/java/Service.vsl with loader org.andromda.templateengines.velocity.ClasspathResourceLoader
INFO  2012-09-15 14:26:57,203 - ResourceManager : found templates/java/ServiceImpl.vsl with loader org.andromda.templateengines.velocity.ClasspathResourceLoader
INFO  2012-09-15 14:26:57,203 - RHS of #set statement is null. Context will not be modified. templates/java/ServiceImpl.vsl [line 10, column 1]
INFO  2012-09-15 14:26:57,205 - RHS of #set statement is null. Context will not be modified. templates/java/ServiceImpl.vsl [line 35, column 1]
INFO  2012-09-15 14:26:57,205 - RHS of #set statement is null. Context will not be modified. templates/java/ServiceImpl.vsl [line 35, column 1]
INFO  2012-09-15 14:26:57,205 - RHS of #set statement is null. Context will not be modified. templates/java/ServiceImpl.vsl [line 35, column 1]
INFO  2012-09-15 14:26:57,206 - RHS of #set statement is null. Context will not be modified. templates/java/ServiceImpl.vsl [line 10, column 1]
INFO  2012-09-15 14:26:57,210 - RHS of #set statement is null. Context will not be modified. templates/java/ServiceImpl.vsl [line 35, column 1]
INFO  2012-09-15 14:26:57,210 - RHS of #set statement is null. Context will not be modified. templates/java/ServiceImpl.vsl [line 35, column 1]
INFO  2012-09-15 14:26:57,211 - RHS of #set statement is null. Context will not be modified. templates/java/ServiceImpl.vsl [line 35, column 1]
INFO  2012-09-15 14:26:57,211 - RHS of #set statement is null. Context will not be modified. templates/java/ServiceImpl.vsl [line 35, column 1]
INFO  2012-09-15 14:26:57,211 - RHS of #set statement is null. Context will not be modified. templates/java/ServiceImpl.vsl [line 35, column 1]
INFO  2012-09-15 14:26:57,211 - RHS of #set statement is null. Context will not be modified. templates/java/ServiceImpl.vsl [line 35, column 1]
INFO  2012-09-15 14:26:57,212 - RHS of #set statement is null. Context will not be modified. templates/java/ServiceImpl.vsl [line 35, column 1]
INFO  2012-09-15 14:26:57,212 - RHS of #set statement is null. Context will not be modified. templates/java/ServiceImpl.vsl [line 10, column 1]
INFO  2012-09-15 14:26:57,217 - RHS of #set statement is null. Context will not be modified. templates/java/ServiceImpl.vsl [line 35, column 1]
INFO  2012-09-15 14:26:57,217 - RHS of #set statement is null. Context will not be modified. templates/java/ServiceImpl.vsl [line 35, column 1]
INFO  2012-09-15 14:26:57,217 - RHS of #set statement is null. Context will not be modified. templates/java/ServiceImpl.vsl [line 35, column 1]
INFO  2012-09-15 14:26:57,218 - RHS of #set statement is null. Context will not be modified. templates/java/ServiceImpl.vsl [line 35, column 1]
INFO  2012-09-15 14:26:57,218 - RHS of #set statement is null. Context will not be modified. templates/java/ServiceImpl.vsl [line 35, column 1]
INFO  2012-09-15 14:26:57,219 - RHS of #set statement is null. Context will not be modified. templates/java/ServiceImpl.vsl [line 35, column 1]
INFO  2012-09-15 14:26:57,219 - RHS of #set statement is null. Context will not be modified. templates/java/ServiceImpl.vsl [line 35, column 1]
INFO  2012-09-15 14:26:57,220 - RHS of #set statement is null. Context will not be modified. templates/java/ServiceImpl.vsl [line 10, column 1]
INFO  2012-09-15 14:26:57,226 - RHS of #set statement is null. Context will not be modified. templates/java/ServiceImpl.vsl [line 35, column 1]
INFO  2012-09-15 14:26:57,226 - RHS of #set statement is null. Context will not be modified. templates/java/ServiceImpl.vsl [line 35, column 1]
INFO  2012-09-15 14:26:57,226 - RHS of #set statement is null. Context will not be modified. templates/java/ServiceImpl.vsl [line 35, column 1]
INFO  2012-09-15 14:26:57,226 - RHS of #set statement is null. Context will not be modified. templates/java/ServiceImpl.vsl [line 35, column 1]
INFO  2012-09-15 14:26:57,227 - RHS of #set statement is null. Context will not be modified. templates/java/ServiceImpl.vsl [line 35, column 1]
INFO  2012-09-15 14:26:57,227 - RHS of #set statement is null. Context will not be modified. templates/java/ServiceImpl.vsl [line 35, column 1]
INFO  2012-09-15 14:26:57,227 - RHS of #set statement is null. Context will not be modified. templates/java/ServiceImpl.vsl [line 35, column 1]
INFO  2012-09-15 14:26:57,227 - RHS of #set statement is null. Context will not be modified. templates/java/ServiceImpl.vsl [line 35, column 1]
INFO  2012-09-15 14:26:57,228 - RHS of #set statement is null. Context will not be modified. templates/java/ServiceImpl.vsl [line 35, column 1]
INFO  2012-09-15 14:26:57,228 - RHS of #set statement is null. Context will not be modified. templates/java/ServiceImpl.vsl [line 10, column 1]
INFO  2012-09-15 14:26:57,230 - RHS of #set statement is null. Context will not be modified. templates/java/ServiceImpl.vsl [line 35, column 1]
INFO  2012-09-15 14:26:57,230 - RHS of #set statement is null. Context will not be modified. templates/java/ServiceImpl.vsl [line 35, column 1]
INFO  2012-09-15 14:26:57,231 - RHS of #set statement is null. Context will not be modified. templates/java/ServiceImpl.vsl [line 35, column 1]
INFO  2012-09-15 14:26:57,231 - RHS of #set statement is null. Context will not be modified. templates/java/ServiceImpl.vsl [line 10, column 1]
INFO  2012-09-15 14:26:57,234 - RHS of #set statement is null. Context will not be modified. templates/java/ServiceImpl.vsl [line 35, column 1]
INFO  2012-09-15 14:26:57,234 - RHS of #set statement is null. Context will not be modified. templates/java/ServiceImpl.vsl [line 35, column 1]
INFO  2012-09-15 14:26:57,235 - RHS of #set statement is null. Context will not be modified. templates/java/ServiceImpl.vsl [line 35, column 1]
INFO  2012-09-15 14:26:57,235 - RHS of #set statement is null. Context will not be modified. templates/java/ServiceImpl.vsl [line 35, column 1]
INFO  2012-09-15 14:26:57,235 - RHS of #set statement is null. Context will not be modified. templates/java/ServiceImpl.vsl [line 35, column 1]
INFO  2012-09-15 14:26:57,236 - RHS of #set statement is null. Context will not be modified. templates/java/ServiceImpl.vsl [line 10, column 1]
INFO  2012-09-15 14:26:57,238 - RHS of #set statement is null. Context will not be modified. templates/java/ServiceImpl.vsl [line 35, column 1]
INFO  2012-09-15 14:26:57,238 - RHS of #set statement is null. Context will not be modified. templates/java/ServiceImpl.vsl [line 35, column 1]
INFO  2012-09-15 14:26:57,238 - RHS of #set statement is null. Context will not be modified. templates/java/ServiceImpl.vsl [line 35, column 1]
INFO  2012-09-15 14:26:57,238 - RHS of #set statement is null. Context will not be modified. templates/java/ServiceImpl.vsl [line 10, column 1]
INFO  2012-09-15 14:26:57,240 - RHS of #set statement is null. Context will not be modified. templates/java/ServiceImpl.vsl [line 35, column 1]
INFO  2012-09-15 14:26:57,241 - RHS of #set statement is null. Context will not be modified. templates/java/ServiceImpl.vsl [line 35, column 1]
INFO  2012-09-15 14:26:57,241 - RHS of #set statement is null. Context will not be modified. templates/java/ServiceImpl.vsl [line 35, column 1]
INFO  2012-09-15 14:26:57,242 - RHS of #set statement is null. Context will not be modified. templates/java/ServiceImpl.vsl [line 10, column 1]
INFO  2012-09-15 14:26:57,244 - RHS of #set statement is null. Context will not be modified. templates/java/ServiceImpl.vsl [line 35, column 1]
INFO  2012-09-15 14:26:57,244 - RHS of #set statement is null. Context will not be modified. templates/java/ServiceImpl.vsl [line 35, column 1]
INFO  2012-09-15 14:26:57,245 - RHS of #set statement is null. Context will not be modified. templates/java/ServiceImpl.vsl [line 35, column 1]
INFO  2012-09-15 14:26:57,246 - RHS of #set statement is null. Context will not be modified. templates/java/ServiceImpl.vsl [line 10, column 1]
INFO  2012-09-15 14:26:57,249 - RHS of #set statement is null. Context will not be modified. templates/java/ServiceImpl.vsl [line 35, column 1]
INFO  2012-09-15 14:26:57,249 - RHS of #set statement is null. Context will not be modified. templates/java/ServiceImpl.vsl [line 35, column 1]
INFO  2012-09-15 14:26:57,250 - RHS of #set statement is null. Context will not be modified. templates/java/ServiceImpl.vsl [line 35, column 1]
INFO  2012-09-15 14:26:57,250 - RHS of #set statement is null. Context will not be modified. templates/java/ServiceImpl.vsl [line 35, column 1]
INFO  2012-09-15 14:26:57,250 - RHS of #set statement is null. Context will not be modified. templates/java/ServiceImpl.vsl [line 35, column 1]
INFO  2012-09-15 14:26:57,255 - ResourceManager : found templates/java/ValueObject.vsl with loader org.andromda.templateengines.velocity.ClasspathResourceLoader
INFO  2012-09-15 14:26:58,038 - ResourceManager : found templates/java/Enumeration.vsl with loader org.andromda.templateengines.velocity.ClasspathResourceLoader
INFO  2012-09-15 14:46:21,938 - ************************************************************** 
INFO  2012-09-15 14:46:21,938 - Starting Jakarta Velocity v1.4
INFO  2012-09-15 14:46:21,938 - RuntimeInstance initializing.
INFO  2012-09-15 14:46:21,938 - Default Properties File: org\apache\velocity\runtime\defaults\velocity.properties
INFO  2012-09-15 14:46:21,938 - Default ResourceManager initializing. (class org.apache.velocity.runtime.resource.ResourceManagerImpl)
INFO  2012-09-15 14:46:21,938 - Resource Loader Instantiated: org.apache.velocity.runtime.resource.loader.FileResourceLoader
INFO  2012-09-15 14:46:21,938 - FileResourceLoader : initialization starting.
INFO  2012-09-15 14:46:21,938 - FileResourceLoader : adding path '.'
INFO  2012-09-15 14:46:21,938 - FileResourceLoader : initialization complete.
INFO  2012-09-15 14:46:21,938 - Resource Loader Instantiated: org.andromda.templateengines.velocity.ClasspathResourceLoader
INFO  2012-09-15 14:46:21,938 - ClasspathResourceLoader : initialization starting.
INFO  2012-09-15 14:46:21,938 - ClasspathResourceLoader : initialization complete.
INFO  2012-09-15 14:46:21,938 - ResourceCache : initialized. (class org.apache.velocity.runtime.resource.ResourceCacheImpl)
INFO  2012-09-15 14:46:21,938 - Default ResourceManager initialization complete.
INFO  2012-09-15 14:46:21,939 - Loaded System Directive: org.apache.velocity.runtime.directive.Literal
INFO  2012-09-15 14:46:21,939 - Loaded System Directive: org.apache.velocity.runtime.directive.Macro
INFO  2012-09-15 14:46:21,939 - Loaded System Directive: org.apache.velocity.runtime.directive.Parse
INFO  2012-09-15 14:46:21,939 - Loaded System Directive: org.apache.velocity.runtime.directive.Include
INFO  2012-09-15 14:46:21,939 - Loaded System Directive: org.apache.velocity.runtime.directive.Foreach
INFO  2012-09-15 14:46:21,943 - Created: 20 parsers.
INFO  2012-09-15 14:46:21,943 - Velocimacro : initialization starting.
INFO  2012-09-15 14:46:21,943 - Velocimacro : adding VMs from VM library template : VM_global_library.vm
INFO  2012-09-15 14:46:21,944 - ResourceManager : unable to find resource 'VM_global_library.vm' in any resource loader.
INFO  2012-09-15 14:46:21,944 - Velocimacro : error using  VM library template VM_global_library.vm : org.apache.velocity.exception.ResourceNotFoundException: Unable to find resource 'VM_global_library.vm'
INFO  2012-09-15 14:46:21,944 - Velocimacro :  VM library template macro registration complete.
INFO  2012-09-15 14:46:21,944 - Velocimacro : allowInline = true : VMs can be defined inline in templates
INFO  2012-09-15 14:46:21,944 - Velocimacro : allowInlineToOverride = false : VMs defined inline may NOT replace previous VM definitions
INFO  2012-09-15 14:46:21,944 - Velocimacro : allowInlineLocal = false : VMs defined inline will be  global in scope if allowed.
INFO  2012-09-15 14:46:21,944 - Velocimacro : messages on  : VM system will output logging messages
INFO  2012-09-15 14:46:21,944 - Velocimacro : autoload off  : VM system will not automatically reload global library macros
INFO  2012-09-15 14:46:21,944 - Velocimacro : initialization complete.
INFO  2012-09-15 14:46:21,944 - Velocity successfully started.
INFO  2012-09-15 14:46:21,948 - ResourceManager : found templates/java/Service.vsl with loader org.andromda.templateengines.velocity.ClasspathResourceLoader
INFO  2012-09-15 14:46:22,029 - ResourceManager : found templates/java/ServiceImpl.vsl with loader org.andromda.templateengines.velocity.ClasspathResourceLoader
INFO  2012-09-15 14:46:22,030 - RHS of #set statement is null. Context will not be modified. templates/java/ServiceImpl.vsl [line 10, column 1]
INFO  2012-09-15 14:46:22,032 - RHS of #set statement is null. Context will not be modified. templates/java/ServiceImpl.vsl [line 35, column 1]
INFO  2012-09-15 14:46:22,032 - RHS of #set statement is null. Context will not be modified. templates/java/ServiceImpl.vsl [line 35, column 1]
INFO  2012-09-15 14:46:22,033 - RHS of #set statement is null. Context will not be modified. templates/java/ServiceImpl.vsl [line 35, column 1]
INFO  2012-09-15 14:46:22,033 - RHS of #set statement is null. Context will not be modified. templates/java/ServiceImpl.vsl [line 10, column 1]
INFO  2012-09-15 14:46:22,038 - RHS of #set statement is null. Context will not be modified. templates/java/ServiceImpl.vsl [line 35, column 1]
INFO  2012-09-15 14:46:22,038 - RHS of #set statement is null. Context will not be modified. templates/java/ServiceImpl.vsl [line 35, column 1]
INFO  2012-09-15 14:46:22,039 - RHS of #set statement is null. Context will not be modified. templates/java/ServiceImpl.vsl [line 35, column 1]
INFO  2012-09-15 14:46:22,039 - RHS of #set statement is null. Context will not be modified. templates/java/ServiceImpl.vsl [line 35, column 1]
INFO  2012-09-15 14:46:22,039 - RHS of #set statement is null. Context will not be modified. templates/java/ServiceImpl.vsl [line 35, column 1]
INFO  2012-09-15 14:46:22,039 - RHS of #set statement is null. Context will not be modified. templates/java/ServiceImpl.vsl [line 35, column 1]
INFO  2012-09-15 14:46:22,040 - RHS of #set statement is null. Context will not be modified. templates/java/ServiceImpl.vsl [line 35, column 1]
INFO  2012-09-15 14:46:22,040 - RHS of #set statement is null. Context will not be modified. templates/java/ServiceImpl.vsl [line 10, column 1]
INFO  2012-09-15 14:46:22,044 - RHS of #set statement is null. Context will not be modified. templates/java/ServiceImpl.vsl [line 35, column 1]
INFO  2012-09-15 14:46:22,045 - RHS of #set statement is null. Context will not be modified. templates/java/ServiceImpl.vsl [line 35, column 1]
INFO  2012-09-15 14:46:22,045 - RHS of #set statement is null. Context will not be modified. templates/java/ServiceImpl.vsl [line 35, column 1]
INFO  2012-09-15 14:46:22,045 - RHS of #set statement is null. Context will not be modified. templates/java/ServiceImpl.vsl [line 35, column 1]
INFO  2012-09-15 14:46:22,045 - RHS of #set statement is null. Context will not be modified. templates/java/ServiceImpl.vsl [line 35, column 1]
INFO  2012-09-15 14:46:22,046 - RHS of #set statement is null. Context will not be modified. templates/java/ServiceImpl.vsl [line 35, column 1]
INFO  2012-09-15 14:46:22,047 - RHS of #set statement is null. Context will not be modified. templates/java/ServiceImpl.vsl [line 35, column 1]
INFO  2012-09-15 14:46:22,047 - RHS of #set statement is null. Context will not be modified. templates/java/ServiceImpl.vsl [line 10, column 1]
INFO  2012-09-15 14:46:22,058 - RHS of #set statement is null. Context will not be modified. templates/java/ServiceImpl.vsl [line 35, column 1]
INFO  2012-09-15 14:46:22,059 - RHS of #set statement is null. Context will not be modified. templates/java/ServiceImpl.vsl [line 35, column 1]
INFO  2012-09-15 14:46:22,059 - RHS of #set statement is null. Context will not be modified. templates/java/ServiceImpl.vsl [line 35, column 1]
INFO  2012-09-15 14:46:22,059 - RHS of #set statement is null. Context will not be modified. templates/java/ServiceImpl.vsl [line 35, column 1]
INFO  2012-09-15 14:46:22,060 - RHS of #set statement is null. Context will not be modified. templates/java/ServiceImpl.vsl [line 35, column 1]
INFO  2012-09-15 14:46:22,060 - RHS of #set statement is null. Context will not be modified. templates/java/ServiceImpl.vsl [line 35, column 1]
INFO  2012-09-15 14:46:22,060 - RHS of #set statement is null. Context will not be modified. templates/java/ServiceImpl.vsl [line 35, column 1]
INFO  2012-09-15 14:46:22,060 - RHS of #set statement is null. Context will not be modified. templates/java/ServiceImpl.vsl [line 35, column 1]
INFO  2012-09-15 14:46:22,061 - RHS of #set statement is null. Context will not be modified. templates/java/ServiceImpl.vsl [line 35, column 1]
INFO  2012-09-15 14:46:22,061 - RHS of #set statement is null. Context will not be modified. templates/java/ServiceImpl.vsl [line 10, column 1]
INFO  2012-09-15 14:46:22,064 - RHS of #set statement is null. Context will not be modified. templates/java/ServiceImpl.vsl [line 35, column 1]
INFO  2012-09-15 14:46:22,065 - RHS of #set statement is null. Context will not be modified. templates/java/ServiceImpl.vsl [line 35, column 1]
INFO  2012-09-15 14:46:22,065 - RHS of #set statement is null. Context will not be modified. templates/java/ServiceImpl.vsl [line 35, column 1]
INFO  2012-09-15 14:46:22,065 - RHS of #set statement is null. Context will not be modified. templates/java/ServiceImpl.vsl [line 10, column 1]
INFO  2012-09-15 14:46:22,069 - RHS of #set statement is null. Context will not be modified. templates/java/ServiceImpl.vsl [line 35, column 1]
INFO  2012-09-15 14:46:22,069 - RHS of #set statement is null. Context will not be modified. templates/java/ServiceImpl.vsl [line 35, column 1]
INFO  2012-09-15 14:46:22,070 - RHS of #set statement is null. Context will not be modified. templates/java/ServiceImpl.vsl [line 35, column 1]
INFO  2012-09-15 14:46:22,070 - RHS of #set statement is null. Context will not be modified. templates/java/ServiceImpl.vsl [line 35, column 1]
INFO  2012-09-15 14:46:22,070 - RHS of #set statement is null. Context will not be modified. templates/java/ServiceImpl.vsl [line 35, column 1]
INFO  2012-09-15 14:46:22,071 - RHS of #set statement is null. Context will not be modified. templates/java/ServiceImpl.vsl [line 10, column 1]
INFO  2012-09-15 14:46:22,073 - RHS of #set statement is null. Context will not be modified. templates/java/ServiceImpl.vsl [line 35, column 1]
INFO  2012-09-15 14:46:22,073 - RHS of #set statement is null. Context will not be modified. templates/java/ServiceImpl.vsl [line 35, column 1]
INFO  2012-09-15 14:46:22,074 - RHS of #set statement is null. Context will not be modified. templates/java/ServiceImpl.vsl [line 35, column 1]
INFO  2012-09-15 14:46:22,074 - RHS of #set statement is null. Context will not be modified. templates/java/ServiceImpl.vsl [line 10, column 1]
INFO  2012-09-15 14:46:22,077 - RHS of #set statement is null. Context will not be modified. templates/java/ServiceImpl.vsl [line 35, column 1]
INFO  2012-09-15 14:46:22,077 - RHS of #set statement is null. Context will not be modified. templates/java/ServiceImpl.vsl [line 35, column 1]
INFO  2012-09-15 14:46:22,078 - RHS of #set statement is null. Context will not be modified. templates/java/ServiceImpl.vsl [line 35, column 1]
INFO  2012-09-15 14:46:22,078 - RHS of #set statement is null. Context will not be modified. templates/java/ServiceImpl.vsl [line 10, column 1]
INFO  2012-09-15 14:46:22,081 - RHS of #set statement is null. Context will not be modified. templates/java/ServiceImpl.vsl [line 35, column 1]
INFO  2012-09-15 14:46:22,081 - RHS of #set statement is null. Context will not be modified. templates/java/ServiceImpl.vsl [line 35, column 1]
INFO  2012-09-15 14:46:22,082 - RHS of #set statement is null. Context will not be modified. templates/java/ServiceImpl.vsl [line 35, column 1]
INFO  2012-09-15 14:46:22,082 - RHS of #set statement is null. Context will not be modified. templates/java/ServiceImpl.vsl [line 10, column 1]
INFO  2012-09-15 14:46:22,086 - RHS of #set statement is null. Context will not be modified. templates/java/ServiceImpl.vsl [line 35, column 1]
INFO  2012-09-15 14:46:22,086 - RHS of #set statement is null. Context will not be modified. templates/java/ServiceImpl.vsl [line 35, column 1]
INFO  2012-09-15 14:46:22,087 - RHS of #set statement is null. Context will not be modified. templates/java/ServiceImpl.vsl [line 35, column 1]
INFO  2012-09-15 14:46:22,087 - RHS of #set statement is null. Context will not be modified. templates/java/ServiceImpl.vsl [line 35, column 1]
INFO  2012-09-15 14:46:22,087 - RHS of #set statement is null. Context will not be modified. templates/java/ServiceImpl.vsl [line 35, column 1]
INFO  2012-09-15 14:46:22,093 - ResourceManager : found templates/java/ValueObject.vsl with loader org.andromda.templateengines.velocity.ClasspathResourceLoader
INFO  2012-09-15 14:46:23,025 - ResourceManager : found templates/java/Enumeration.vsl with loader org.andromda.templateengines.velocity.ClasspathResourceLoader
INFO  2012-09-15 14:48:23,467 - ************************************************************** 
INFO  2012-09-15 14:48:23,467 - Starting Jakarta Velocity v1.4
INFO  2012-09-15 14:48:23,467 - RuntimeInstance initializing.
INFO  2012-09-15 14:48:23,467 - Default Properties File: org\apache\velocity\runtime\defaults\velocity.properties
INFO  2012-09-15 14:48:23,467 - Default ResourceManager initializing. (class org.apache.velocity.runtime.resource.ResourceManagerImpl)
INFO  2012-09-15 14:48:23,467 - Resource Loader Instantiated: org.apache.velocity.runtime.resource.loader.FileResourceLoader
INFO  2012-09-15 14:48:23,467 - FileResourceLoader : initialization starting.
INFO  2012-09-15 14:48:23,467 - FileResourceLoader : adding path '.'
INFO  2012-09-15 14:48:23,467 - FileResourceLoader : initialization complete.
INFO  2012-09-15 14:48:23,467 - Resource Loader Instantiated: org.andromda.templateengines.velocity.ClasspathResourceLoader
INFO  2012-09-15 14:48:23,467 - ClasspathResourceLoader : initialization starting.
INFO  2012-09-15 14:48:23,467 - ClasspathResourceLoader : initialization complete.
INFO  2012-09-15 14:48:23,467 - ResourceCache : initialized. (class org.apache.velocity.runtime.resource.ResourceCacheImpl)
INFO  2012-09-15 14:48:23,467 - Default ResourceManager initialization complete.
INFO  2012-09-15 14:48:23,468 - Loaded System Directive: org.apache.velocity.runtime.directive.Literal
INFO  2012-09-15 14:48:23,468 - Loaded System Directive: org.apache.velocity.runtime.directive.Macro
INFO  2012-09-15 14:48:23,468 - Loaded System Directive: org.apache.velocity.runtime.directive.Parse
INFO  2012-09-15 14:48:23,468 - Loaded System Directive: org.apache.velocity.runtime.directive.Include
INFO  2012-09-15 14:48:23,468 - Loaded System Directive: org.apache.velocity.runtime.directive.Foreach
INFO  2012-09-15 14:48:23,469 - Created: 20 parsers.
INFO  2012-09-15 14:48:23,469 - Velocimacro : initialization starting.
INFO  2012-09-15 14:48:23,469 - Velocimacro : adding VMs from VM library template : VM_global_library.vm
INFO  2012-09-15 14:48:23,469 - ResourceManager : unable to find resource 'VM_global_library.vm' in any resource loader.
INFO  2012-09-15 14:48:23,469 - Velocimacro : error using  VM library template VM_global_library.vm : org.apache.velocity.exception.ResourceNotFoundException: Unable to find resource 'VM_global_library.vm'
INFO  2012-09-15 14:48:23,469 - Velocimacro :  VM library template macro registration complete.
INFO  2012-09-15 14:48:23,469 - Velocimacro : allowInline = true : VMs can be defined inline in templates
INFO  2012-09-15 14:48:23,469 - Velocimacro : allowInlineToOverride = false : VMs defined inline may NOT replace previous VM definitions
INFO  2012-09-15 14:48:23,469 - Velocimacro : allowInlineLocal = false : VMs defined inline will be  global in scope if allowed.
INFO  2012-09-15 14:48:23,469 - Velocimacro : messages on  : VM system will output logging messages
INFO  2012-09-15 14:48:23,469 - Velocimacro : autoload off  : VM system will not automatically reload global library macros
INFO  2012-09-15 14:48:23,469 - Velocimacro : initialization complete.
INFO  2012-09-15 14:48:23,469 - Velocity successfully started.
INFO  2012-09-15 14:48:23,473 - ResourceManager : found templates/java/Service.vsl with loader org.andromda.templateengines.velocity.ClasspathResourceLoader
INFO  2012-09-15 14:48:23,555 - ResourceManager : found templates/java/ServiceImpl.vsl with loader org.andromda.templateengines.velocity.ClasspathResourceLoader
INFO  2012-09-15 14:48:23,555 - RHS of #set statement is null. Context will not be modified. templates/java/ServiceImpl.vsl [line 10, column 1]
INFO  2012-09-15 14:48:23,557 - RHS of #set statement is null. Context will not be modified. templates/java/ServiceImpl.vsl [line 35, column 1]
INFO  2012-09-15 14:48:23,557 - RHS of #set statement is null. Context will not be modified. templates/java/ServiceImpl.vsl [line 35, column 1]
INFO  2012-09-15 14:48:23,557 - RHS of #set statement is null. Context will not be modified. templates/java/ServiceImpl.vsl [line 35, column 1]
INFO  2012-09-15 14:48:23,558 - RHS of #set statement is null. Context will not be modified. templates/java/ServiceImpl.vsl [line 10, column 1]
INFO  2012-09-15 14:48:23,562 - RHS of #set statement is null. Context will not be modified. templates/java/ServiceImpl.vsl [line 35, column 1]
INFO  2012-09-15 14:48:23,563 - RHS of #set statement is null. Context will not be modified. templates/java/ServiceImpl.vsl [line 35, column 1]
INFO  2012-09-15 14:48:23,563 - RHS of #set statement is null. Context will not be modified. templates/java/ServiceImpl.vsl [line 35, column 1]
INFO  2012-09-15 14:48:23,563 - RHS of #set statement is null. Context will not be modified. templates/java/ServiceImpl.vsl [line 35, column 1]
INFO  2012-09-15 14:48:23,564 - RHS of #set statement is null. Context will not be modified. templates/java/ServiceImpl.vsl [line 35, column 1]
INFO  2012-09-15 14:48:23,564 - RHS of #set statement is null. Context will not be modified. templates/java/ServiceImpl.vsl [line 35, column 1]
INFO  2012-09-15 14:48:23,564 - RHS of #set statement is null. Context will not be modified. templates/java/ServiceImpl.vsl [line 35, column 1]
INFO  2012-09-15 14:48:23,564 - RHS of #set statement is null. Context will not be modified. templates/java/ServiceImpl.vsl [line 10, column 1]
INFO  2012-09-15 14:48:23,569 - RHS of #set statement is null. Context will not be modified. templates/java/ServiceImpl.vsl [line 35, column 1]
INFO  2012-09-15 14:48:23,569 - RHS of #set statement is null. Context will not be modified. templates/java/ServiceImpl.vsl [line 35, column 1]
INFO  2012-09-15 14:48:23,570 - RHS of #set statement is null. Context will not be modified. templates/java/ServiceImpl.vsl [line 35, column 1]
INFO  2012-09-15 14:48:23,570 - RHS of #set statement is null. Context will not be modified. templates/java/ServiceImpl.vsl [line 35, column 1]
INFO  2012-09-15 14:48:23,570 - RHS of #set statement is null. Context will not be modified. templates/java/ServiceImpl.vsl [line 35, column 1]
INFO  2012-09-15 14:48:23,571 - RHS of #set statement is null. Context will not be modified. templates/java/ServiceImpl.vsl [line 35, column 1]
INFO  2012-09-15 14:48:23,571 - RHS of #set statement is null. Context will not be modified. templates/java/ServiceImpl.vsl [line 35, column 1]
INFO  2012-09-15 14:48:23,572 - RHS of #set statement is null. Context will not be modified. templates/java/ServiceImpl.vsl [line 10, column 1]
INFO  2012-09-15 14:48:23,577 - RHS of #set statement is null. Context will not be modified. templates/java/ServiceImpl.vsl [line 35, column 1]
INFO  2012-09-15 14:48:23,578 - RHS of #set statement is null. Context will not be modified. templates/java/ServiceImpl.vsl [line 35, column 1]
INFO  2012-09-15 14:48:23,578 - RHS of #set statement is null. Context will not be modified. templates/java/ServiceImpl.vsl [line 35, column 1]
INFO  2012-09-15 14:48:23,578 - RHS of #set statement is null. Context will not be modified. templates/java/ServiceImpl.vsl [line 35, column 1]
INFO  2012-09-15 14:48:23,579 - RHS of #set statement is null. Context will not be modified. templates/java/ServiceImpl.vsl [line 35, column 1]
INFO  2012-09-15 14:48:23,579 - RHS of #set statement is null. Context will not be modified. templates/java/ServiceImpl.vsl [line 35, column 1]
INFO  2012-09-15 14:48:23,579 - RHS of #set statement is null. Context will not be modified. templates/java/ServiceImpl.vsl [line 35, column 1]
INFO  2012-09-15 14:48:23,579 - RHS of #set statement is null. Context will not be modified. templates/java/ServiceImpl.vsl [line 35, column 1]
INFO  2012-09-15 14:48:23,580 - RHS of #set statement is null. Context will not be modified. templates/java/ServiceImpl.vsl [line 35, column 1]
INFO  2012-09-15 14:48:23,580 - RHS of #set statement is null. Context will not be modified. templates/java/ServiceImpl.vsl [line 10, column 1]
INFO  2012-09-15 14:48:23,582 - RHS of #set statement is null. Context will not be modified. templates/java/ServiceImpl.vsl [line 35, column 1]
INFO  2012-09-15 14:48:23,582 - RHS of #set statement is null. Context will not be modified. templates/java/ServiceImpl.vsl [line 35, column 1]
INFO  2012-09-15 14:48:23,583 - RHS of #set statement is null. Context will not be modified. templates/java/ServiceImpl.vsl [line 35, column 1]
INFO  2012-09-15 14:48:23,583 - RHS of #set statement is null. Context will not be modified. templates/java/ServiceImpl.vsl [line 10, column 1]
INFO  2012-09-15 14:48:23,586 - RHS of #set statement is null. Context will not be modified. templates/java/ServiceImpl.vsl [line 35, column 1]
INFO  2012-09-15 14:48:23,587 - RHS of #set statement is null. Context will not be modified. templates/java/ServiceImpl.vsl [line 35, column 1]
INFO  2012-09-15 14:48:23,587 - RHS of #set statement is null. Context will not be modified. templates/java/ServiceImpl.vsl [line 35, column 1]
INFO  2012-09-15 14:48:23,587 - RHS of #set statement is null. Context will not be modified. templates/java/ServiceImpl.vsl [line 35, column 1]
INFO  2012-09-15 14:48:23,587 - RHS of #set statement is null. Context will not be modified. templates/java/ServiceImpl.vsl [line 35, column 1]
INFO  2012-09-15 14:48:23,588 - RHS of #set statement is null. Context will not be modified. templates/java/ServiceImpl.vsl [line 10, column 1]
INFO  2012-09-15 14:48:23,590 - RHS of #set statement is null. Context will not be modified. templates/java/ServiceImpl.vsl [line 35, column 1]
INFO  2012-09-15 14:48:23,590 - RHS of #set statement is null. Context will not be modified. templates/java/ServiceImpl.vsl [line 35, column 1]
INFO  2012-09-15 14:48:23,590 - RHS of #set statement is null. Context will not be modified. templates/java/ServiceImpl.vsl [line 35, column 1]
INFO  2012-09-15 14:48:23,590 - RHS of #set statement is null. Context will not be modified. templates/java/ServiceImpl.vsl [line 10, column 1]
INFO  2012-09-15 14:48:23,593 - RHS of #set statement is null. Context will not be modified. templates/java/ServiceImpl.vsl [line 35, column 1]
INFO  2012-09-15 14:48:23,593 - RHS of #set statement is null. Context will not be modified. templates/java/ServiceImpl.vsl [line 35, column 1]
INFO  2012-09-15 14:48:23,594 - RHS of #set statement is null. Context will not be modified. templates/java/ServiceImpl.vsl [line 35, column 1]
INFO  2012-09-15 14:48:23,594 - RHS of #set statement is null. Context will not be modified. templates/java/ServiceImpl.vsl [line 10, column 1]
INFO  2012-09-15 14:48:23,596 - RHS of #set statement is null. Context will not be modified. templates/java/ServiceImpl.vsl [line 35, column 1]
INFO  2012-09-15 14:48:23,597 - RHS of #set statement is null. Context will not be modified. templates/java/ServiceImpl.vsl [line 35, column 1]
INFO  2012-09-15 14:48:23,598 - RHS of #set statement is null. Context will not be modified. templates/java/ServiceImpl.vsl [line 35, column 1]
INFO  2012-09-15 14:48:23,598 - RHS of #set statement is null. Context will not be modified. templates/java/ServiceImpl.vsl [line 10, column 1]
INFO  2012-09-15 14:48:23,601 - RHS of #set statement is null. Context will not be modified. templates/java/ServiceImpl.vsl [line 35, column 1]
INFO  2012-09-15 14:48:23,601 - RHS of #set statement is null. Context will not be modified. templates/java/ServiceImpl.vsl [line 35, column 1]
INFO  2012-09-15 14:48:23,602 - RHS of #set statement is null. Context will not be modified. templates/java/ServiceImpl.vsl [line 35, column 1]
INFO  2012-09-15 14:48:23,602 - RHS of #set statement is null. Context will not be modified. templates/java/ServiceImpl.vsl [line 35, column 1]
INFO  2012-09-15 14:48:23,603 - RHS of #set statement is null. Context will not be modified. templates/java/ServiceImpl.vsl [line 35, column 1]
INFO  2012-09-15 14:48:23,608 - ResourceManager : found templates/java/ValueObject.vsl with loader org.andromda.templateengines.velocity.ClasspathResourceLoader
INFO  2012-09-15 14:48:24,355 - ResourceManager : found templates/java/Enumeration.vsl with loader org.andromda.templateengines.velocity.ClasspathResourceLoader
INFO  2012-09-15 14:51:19,303 - ************************************************************** 
INFO  2012-09-15 14:51:19,303 - Starting Jakarta Velocity v1.4
INFO  2012-09-15 14:51:19,303 - RuntimeInstance initializing.
INFO  2012-09-15 14:51:19,303 - Default Properties File: org\apache\velocity\runtime\defaults\velocity.properties
INFO  2012-09-15 14:51:19,304 - Default ResourceManager initializing. (class org.apache.velocity.runtime.resource.ResourceManagerImpl)
INFO  2012-09-15 14:51:19,304 - Resource Loader Instantiated: org.apache.velocity.runtime.resource.loader.FileResourceLoader
INFO  2012-09-15 14:51:19,304 - FileResourceLoader : initialization starting.
INFO  2012-09-15 14:51:19,304 - FileResourceLoader : adding path '.'
INFO  2012-09-15 14:51:19,304 - FileResourceLoader : initialization complete.
INFO  2012-09-15 14:51:19,304 - Resource Loader Instantiated: org.andromda.templateengines.velocity.ClasspathResourceLoader
INFO  2012-09-15 14:51:19,304 - ClasspathResourceLoader : initialization starting.
INFO  2012-09-15 14:51:19,304 - ClasspathResourceLoader : initialization complete.
INFO  2012-09-15 14:51:19,304 - ResourceCache : initialized. (class org.apache.velocity.runtime.resource.ResourceCacheImpl)
INFO  2012-09-15 14:51:19,304 - Default ResourceManager initialization complete.
INFO  2012-09-15 14:51:19,305 - Loaded System Directive: org.apache.velocity.runtime.directive.Literal
INFO  2012-09-15 14:51:19,305 - Loaded System Directive: org.apache.velocity.runtime.directive.Macro
INFO  2012-09-15 14:51:19,305 - Loaded System Directive: org.apache.velocity.runtime.directive.Parse
INFO  2012-09-15 14:51:19,305 - Loaded System Directive: org.apache.velocity.runtime.directive.Include
INFO  2012-09-15 14:51:19,305 - Loaded System Directive: org.apache.velocity.runtime.directive.Foreach
INFO  2012-09-15 14:51:19,306 - Created: 20 parsers.
INFO  2012-09-15 14:51:19,306 - Velocimacro : initialization starting.
INFO  2012-09-15 14:51:19,306 - Velocimacro : adding VMs from VM library template : VM_global_library.vm
INFO  2012-09-15 14:51:19,306 - ResourceManager : unable to find resource 'VM_global_library.vm' in any resource loader.
INFO  2012-09-15 14:51:19,306 - Velocimacro : error using  VM library template VM_global_library.vm : org.apache.velocity.exception.ResourceNotFoundException: Unable to find resource 'VM_global_library.vm'
INFO  2012-09-15 14:51:19,306 - Velocimacro :  VM library template macro registration complete.
INFO  2012-09-15 14:51:19,306 - Velocimacro : allowInline = true : VMs can be defined inline in templates
INFO  2012-09-15 14:51:19,306 - Velocimacro : allowInlineToOverride = false : VMs defined inline may NOT replace previous VM definitions
INFO  2012-09-15 14:51:19,306 - Velocimacro : allowInlineLocal = false : VMs defined inline will be  global in scope if allowed.
INFO  2012-09-15 14:51:19,306 - Velocimacro : messages on  : VM system will output logging messages
INFO  2012-09-15 14:51:19,306 - Velocimacro : autoload off  : VM system will not automatically reload global library macros
INFO  2012-09-15 14:51:19,307 - Velocimacro : initialization complete.
INFO  2012-09-15 14:51:19,307 - Velocity successfully started.
INFO  2012-09-15 14:51:19,310 - ResourceManager : found templates/java/Service.vsl with loader org.andromda.templateengines.velocity.ClasspathResourceLoader
INFO  2012-09-15 14:51:19,389 - ResourceManager : found templates/java/ServiceImpl.vsl with loader org.andromda.templateengines.velocity.ClasspathResourceLoader
INFO  2012-09-15 14:51:19,389 - RHS of #set statement is null. Context will not be modified. templates/java/ServiceImpl.vsl [line 10, column 1]
INFO  2012-09-15 14:51:19,391 - RHS of #set statement is null. Context will not be modified. templates/java/ServiceImpl.vsl [line 35, column 1]
INFO  2012-09-15 14:51:19,391 - RHS of #set statement is null. Context will not be modified. templates/java/ServiceImpl.vsl [line 35, column 1]
INFO  2012-09-15 14:51:19,392 - RHS of #set statement is null. Context will not be modified. templates/java/ServiceImpl.vsl [line 35, column 1]
INFO  2012-09-15 14:51:19,392 - RHS of #set statement is null. Context will not be modified. templates/java/ServiceImpl.vsl [line 10, column 1]
INFO  2012-09-15 14:51:19,397 - RHS of #set statement is null. Context will not be modified. templates/java/ServiceImpl.vsl [line 35, column 1]
INFO  2012-09-15 14:51:19,398 - RHS of #set statement is null. Context will not be modified. templates/java/ServiceImpl.vsl [line 35, column 1]
INFO  2012-09-15 14:51:19,398 - RHS of #set statement is null. Context will not be modified. templates/java/ServiceImpl.vsl [line 35, column 1]
INFO  2012-09-15 14:51:19,398 - RHS of #set statement is null. Context will not be modified. templates/java/ServiceImpl.vsl [line 35, column 1]
INFO  2012-09-15 14:51:19,398 - RHS of #set statement is null. Context will not be modified. templates/java/ServiceImpl.vsl [line 35, column 1]
INFO  2012-09-15 14:51:19,399 - RHS of #set statement is null. Context will not be modified. templates/java/ServiceImpl.vsl [line 35, column 1]
INFO  2012-09-15 14:51:19,399 - RHS of #set statement is null. Context will not be modified. templates/java/ServiceImpl.vsl [line 35, column 1]
INFO  2012-09-15 14:51:19,399 - RHS of #set statement is null. Context will not be modified. templates/java/ServiceImpl.vsl [line 10, column 1]
INFO  2012-09-15 14:51:19,403 - RHS of #set statement is null. Context will not be modified. templates/java/ServiceImpl.vsl [line 35, column 1]
INFO  2012-09-15 14:51:19,404 - RHS of #set statement is null. Context will not be modified. templates/java/ServiceImpl.vsl [line 35, column 1]
INFO  2012-09-15 14:51:19,404 - RHS of #set statement is null. Context will not be modified. templates/java/ServiceImpl.vsl [line 35, column 1]
INFO  2012-09-15 14:51:19,404 - RHS of #set statement is null. Context will not be modified. templates/java/ServiceImpl.vsl [line 35, column 1]
INFO  2012-09-15 14:51:19,405 - RHS of #set statement is null. Context will not be modified. templates/java/ServiceImpl.vsl [line 35, column 1]
INFO  2012-09-15 14:51:19,405 - RHS of #set statement is null. Context will not be modified. templates/java/ServiceImpl.vsl [line 35, column 1]
INFO  2012-09-15 14:51:19,406 - RHS of #set statement is null. Context will not be modified. templates/java/ServiceImpl.vsl [line 35, column 1]
INFO  2012-09-15 14:51:19,406 - RHS of #set statement is null. Context will not be modified. templates/java/ServiceImpl.vsl [line 10, column 1]
INFO  2012-09-15 14:51:19,412 - RHS of #set statement is null. Context will not be modified. templates/java/ServiceImpl.vsl [line 35, column 1]
INFO  2012-09-15 14:51:19,412 - RHS of #set statement is null. Context will not be modified. templates/java/ServiceImpl.vsl [line 35, column 1]
INFO  2012-09-15 14:51:19,412 - RHS of #set statement is null. Context will not be modified. templates/java/ServiceImpl.vsl [line 35, column 1]
INFO  2012-09-15 14:51:19,413 - RHS of #set statement is null. Context will not be modified. templates/java/ServiceImpl.vsl [line 35, column 1]
INFO  2012-09-15 14:51:19,413 - RHS of #set statement is null. Context will not be modified. templates/java/ServiceImpl.vsl [line 35, column 1]
INFO  2012-09-15 14:51:19,413 - RHS of #set statement is null. Context will not be modified. templates/java/ServiceImpl.vsl [line 35, column 1]
INFO  2012-09-15 14:51:19,413 - RHS of #set statement is null. Context will not be modified. templates/java/ServiceImpl.vsl [line 35, column 1]
INFO  2012-09-15 14:51:19,413 - RHS of #set statement is null. Context will not be modified. templates/java/ServiceImpl.vsl [line 35, column 1]
INFO  2012-09-15 14:51:19,414 - RHS of #set statement is null. Context will not be modified. templates/java/ServiceImpl.vsl [line 35, column 1]
INFO  2012-09-15 14:51:19,414 - RHS of #set statement is null. Context will not be modified. templates/java/ServiceImpl.vsl [line 10, column 1]
INFO  2012-09-15 14:51:19,416 - RHS of #set statement is null. Context will not be modified. templates/java/ServiceImpl.vsl [line 35, column 1]
INFO  2012-09-15 14:51:19,417 - RHS of #set statement is null. Context will not be modified. templates/java/ServiceImpl.vsl [line 35, column 1]
INFO  2012-09-15 14:51:19,417 - RHS of #set statement is null. Context will not be modified. templates/java/ServiceImpl.vsl [line 35, column 1]
INFO  2012-09-15 14:51:19,417 - RHS of #set statement is null. Context will not be modified. templates/java/ServiceImpl.vsl [line 10, column 1]
INFO  2012-09-15 14:51:19,420 - RHS of #set statement is null. Context will not be modified. templates/java/ServiceImpl.vsl [line 35, column 1]
INFO  2012-09-15 14:51:19,421 - RHS of #set statement is null. Context will not be modified. templates/java/ServiceImpl.vsl [line 35, column 1]
INFO  2012-09-15 14:51:19,421 - RHS of #set statement is null. Context will not be modified. templates/java/ServiceImpl.vsl [line 35, column 1]
INFO  2012-09-15 14:51:19,421 - RHS of #set statement is null. Context will not be modified. templates/java/ServiceImpl.vsl [line 35, column 1]
INFO  2012-09-15 14:51:19,421 - RHS of #set statement is null. Context will not be modified. templates/java/ServiceImpl.vsl [line 35, column 1]
INFO  2012-09-15 14:51:19,422 - RHS of #set statement is null. Context will not be modified. templates/java/ServiceImpl.vsl [line 10, column 1]
INFO  2012-09-15 14:51:19,424 - RHS of #set statement is null. Context will not be modified. templates/java/ServiceImpl.vsl [line 35, column 1]
INFO  2012-09-15 14:51:19,424 - RHS of #set statement is null. Context will not be modified. templates/java/ServiceImpl.vsl [line 35, column 1]
INFO  2012-09-15 14:51:19,424 - RHS of #set statement is null. Context will not be modified. templates/java/ServiceImpl.vsl [line 35, column 1]
INFO  2012-09-15 14:51:19,425 - RHS of #set statement is null. Context will not be modified. templates/java/ServiceImpl.vsl [line 10, column 1]
INFO  2012-09-15 14:51:19,427 - RHS of #set statement is null. Context will not be modified. templates/java/ServiceImpl.vsl [line 35, column 1]
INFO  2012-09-15 14:51:19,427 - RHS of #set statement is null. Context will not be modified. templates/java/ServiceImpl.vsl [line 35, column 1]
INFO  2012-09-15 14:51:19,428 - RHS of #set statement is null. Context will not be modified. templates/java/ServiceImpl.vsl [line 35, column 1]
INFO  2012-09-15 14:51:19,429 - RHS of #set statement is null. Context will not be modified. templates/java/ServiceImpl.vsl [line 10, column 1]
INFO  2012-09-15 14:51:19,430 - RHS of #set statement is null. Context will not be modified. templates/java/ServiceImpl.vsl [line 35, column 1]
INFO  2012-09-15 14:51:19,431 - RHS of #set statement is null. Context will not be modified. templates/java/ServiceImpl.vsl [line 35, column 1]
INFO  2012-09-15 14:51:19,431 - RHS of #set statement is null. Context will not be modified. templates/java/ServiceImpl.vsl [line 35, column 1]
INFO  2012-09-15 14:51:19,432 - RHS of #set statement is null. Context will not be modified. templates/java/ServiceImpl.vsl [line 10, column 1]
INFO  2012-09-15 14:51:19,435 - RHS of #set statement is null. Context will not be modified. templates/java/ServiceImpl.vsl [line 35, column 1]
INFO  2012-09-15 14:51:19,435 - RHS of #set statement is null. Context will not be modified. templates/java/ServiceImpl.vsl [line 35, column 1]
INFO  2012-09-15 14:51:19,435 - RHS of #set statement is null. Context will not be modified. templates/java/ServiceImpl.vsl [line 35, column 1]
INFO  2012-09-15 14:51:19,436 - RHS of #set statement is null. Context will not be modified. templates/java/ServiceImpl.vsl [line 35, column 1]
INFO  2012-09-15 14:51:19,437 - RHS of #set statement is null. Context will not be modified. templates/java/ServiceImpl.vsl [line 35, column 1]
INFO  2012-09-15 14:51:19,442 - ResourceManager : found templates/java/ValueObject.vsl with loader org.andromda.templateengines.velocity.ClasspathResourceLoader
INFO  2012-09-15 14:51:20,201 - ResourceManager : found templates/java/Enumeration.vsl with loader org.andromda.templateengines.velocity.ClasspathResourceLoader
INFO  2012-09-25 17:04:29,619 - ************************************************************** 
INFO  2012-09-25 17:04:29,635 - Starting Jakarta Velocity v1.4
INFO  2012-09-25 17:04:29,635 - RuntimeInstance initializing.
INFO  2012-09-25 17:04:29,635 - Default Properties File: org\apache\velocity\runtime\defaults\velocity.properties
INFO  2012-09-25 17:04:29,635 - Default ResourceManager initializing. (class org.apache.velocity.runtime.resource.ResourceManagerImpl)
INFO  2012-09-25 17:04:29,635 - Resource Loader Instantiated: org.apache.velocity.runtime.resource.loader.FileResourceLoader
INFO  2012-09-25 17:04:29,635 - FileResourceLoader : initialization starting.
INFO  2012-09-25 17:04:29,635 - FileResourceLoader : adding path '.'
INFO  2012-09-25 17:04:29,635 - FileResourceLoader : initialization complete.
INFO  2012-09-25 17:04:29,635 - Resource Loader Instantiated: org.andromda.templateengines.velocity.ClasspathResourceLoader
INFO  2012-09-25 17:04:29,635 - ClasspathResourceLoader : initialization starting.
INFO  2012-09-25 17:04:29,635 - ClasspathResourceLoader : initialization complete.
INFO  2012-09-25 17:04:29,635 - ResourceCache : initialized. (class org.apache.velocity.runtime.resource.ResourceCacheImpl)
INFO  2012-09-25 17:04:29,635 - Default ResourceManager initialization complete.
INFO  2012-09-25 17:04:29,635 - Loaded System Directive: org.apache.velocity.runtime.directive.Literal
INFO  2012-09-25 17:04:29,635 - Loaded System Directive: org.apache.velocity.runtime.directive.Macro
INFO  2012-09-25 17:04:29,635 - Loaded System Directive: org.apache.velocity.runtime.directive.Parse
INFO  2012-09-25 17:04:29,635 - Loaded System Directive: org.apache.velocity.runtime.directive.Include
INFO  2012-09-25 17:04:29,635 - Loaded System Directive: org.apache.velocity.runtime.directive.Foreach
INFO  2012-09-25 17:04:29,635 - Created: 20 parsers.
INFO  2012-09-25 17:04:29,635 - Velocimacro : initialization starting.
INFO  2012-09-25 17:04:29,635 - Velocimacro : adding VMs from VM library template : VM_global_library.vm
INFO  2012-09-25 17:04:29,635 - ResourceManager : unable to find resource 'VM_global_library.vm' in any resource loader.
INFO  2012-09-25 17:04:29,635 - Velocimacro : error using  VM library template VM_global_library.vm : org.apache.velocity.exception.ResourceNotFoundException: Unable to find resource 'VM_global_library.vm'
INFO  2012-09-25 17:04:29,635 - Velocimacro :  VM library template macro registration complete.
INFO  2012-09-25 17:04:29,635 - Velocimacro : allowInline = true : VMs can be defined inline in templates
INFO  2012-09-25 17:04:29,635 - Velocimacro : allowInlineToOverride = false : VMs defined inline may NOT replace previous VM definitions
INFO  2012-09-25 17:04:29,635 - Velocimacro : allowInlineLocal = false : VMs defined inline will be  global in scope if allowed.
INFO  2012-09-25 17:04:29,635 - Velocimacro : messages on  : VM system will output logging messages
INFO  2012-09-25 17:04:29,635 - Velocimacro : autoload off  : VM system will not automatically reload global library macros
INFO  2012-09-25 17:04:29,635 - Velocimacro : initialization complete.
INFO  2012-09-25 17:04:29,635 - Velocity successfully started.
INFO  2012-09-25 17:04:29,635 - ResourceManager : found templates/java/Service.vsl with loader org.andromda.templateengines.velocity.ClasspathResourceLoader
INFO  2012-09-25 17:04:29,713 - ResourceManager : found templates/java/ServiceImpl.vsl with loader org.andromda.templateengines.velocity.ClasspathResourceLoader
INFO  2012-09-25 17:04:29,713 - RHS of #set statement is null. Context will not be modified. templates/java/ServiceImpl.vsl [line 10, column 1]
INFO  2012-09-25 17:04:29,713 - RHS of #set statement is null. Context will not be modified. templates/java/ServiceImpl.vsl [line 35, column 1]
INFO  2012-09-25 17:04:29,713 - RHS of #set statement is null. Context will not be modified. templates/java/ServiceImpl.vsl [line 35, column 1]
INFO  2012-09-25 17:04:29,713 - RHS of #set statement is null. Context will not be modified. templates/java/ServiceImpl.vsl [line 35, column 1]
INFO  2012-09-25 17:04:29,713 - RHS of #set statement is null. Context will not be modified. templates/java/ServiceImpl.vsl [line 10, column 1]
INFO  2012-09-25 17:04:29,713 - RHS of #set statement is null. Context will not be modified. templates/java/ServiceImpl.vsl [line 35, column 1]
INFO  2012-09-25 17:04:29,713 - RHS of #set statement is null. Context will not be modified. templates/java/ServiceImpl.vsl [line 35, column 1]
INFO  2012-09-25 17:04:29,713 - RHS of #set statement is null. Context will not be modified. templates/java/ServiceImpl.vsl [line 35, column 1]
INFO  2012-09-25 17:04:29,713 - RHS of #set statement is null. Context will not be modified. templates/java/ServiceImpl.vsl [line 35, column 1]
INFO  2012-09-25 17:04:29,713 - RHS of #set statement is null. Context will not be modified. templates/java/ServiceImpl.vsl [line 35, column 1]
INFO  2012-09-25 17:04:29,713 - RHS of #set statement is null. Context will not be modified. templates/java/ServiceImpl.vsl [line 35, column 1]
INFO  2012-09-25 17:04:29,713 - RHS of #set statement is null. Context will not be modified. templates/java/ServiceImpl.vsl [line 35, column 1]
INFO  2012-09-25 17:04:29,713 - RHS of #set statement is null. Context will not be modified. templates/java/ServiceImpl.vsl [line 10, column 1]
INFO  2012-09-25 17:04:29,713 - RHS of #set statement is null. Context will not be modified. templates/java/ServiceImpl.vsl [line 35, column 1]
INFO  2012-09-25 17:04:29,713 - RHS of #set statement is null. Context will not be modified. templates/java/ServiceImpl.vsl [line 35, column 1]
INFO  2012-09-25 17:04:29,713 - RHS of #set statement is null. Context will not be modified. templates/java/ServiceImpl.vsl [line 35, column 1]
INFO  2012-09-25 17:04:29,713 - RHS of #set statement is null. Context will not be modified. templates/java/ServiceImpl.vsl [line 35, column 1]
INFO  2012-09-25 17:04:29,713 - RHS of #set statement is null. Context will not be modified. templates/java/ServiceImpl.vsl [line 35, column 1]
INFO  2012-09-25 17:04:29,713 - RHS of #set statement is null. Context will not be modified. templates/java/ServiceImpl.vsl [line 35, column 1]
INFO  2012-09-25 17:04:29,713 - RHS of #set statement is null. Context will not be modified. templates/java/ServiceImpl.vsl [line 35, column 1]
INFO  2012-09-25 17:04:29,713 - RHS of #set statement is null. Context will not be modified. templates/java/ServiceImpl.vsl [line 10, column 1]
INFO  2012-09-25 17:04:29,729 - RHS of #set statement is null. Context will not be modified. templates/java/ServiceImpl.vsl [line 35, column 1]
INFO  2012-09-25 17:04:29,729 - RHS of #set statement is null. Context will not be modified. templates/java/ServiceImpl.vsl [line 35, column 1]
INFO  2012-09-25 17:04:29,729 - RHS of #set statement is null. Context will not be modified. templates/java/ServiceImpl.vsl [line 35, column 1]
INFO  2012-09-25 17:04:29,729 - RHS of #set statement is null. Context will not be modified. templates/java/ServiceImpl.vsl [line 35, column 1]
INFO  2012-09-25 17:04:29,729 - RHS of #set statement is null. Context will not be modified. templates/java/ServiceImpl.vsl [line 35, column 1]
INFO  2012-09-25 17:04:29,729 - RHS of #set statement is null. Context will not be modified. templates/java/ServiceImpl.vsl [line 35, column 1]
INFO  2012-09-25 17:04:29,729 - RHS of #set statement is null. Context will not be modified. templates/java/ServiceImpl.vsl [line 35, column 1]
INFO  2012-09-25 17:04:29,729 - RHS of #set statement is null. Context will not be modified. templates/java/ServiceImpl.vsl [line 35, column 1]
INFO  2012-09-25 17:04:29,729 - RHS of #set statement is null. Context will not be modified. templates/java/ServiceImpl.vsl [line 35, column 1]
INFO  2012-09-25 17:04:29,729 - RHS of #set statement is null. Context will not be modified. templates/java/ServiceImpl.vsl [line 10, column 1]
INFO  2012-09-25 17:04:29,729 - RHS of #set statement is null. Context will not be modified. templates/java/ServiceImpl.vsl [line 35, column 1]
INFO  2012-09-25 17:04:29,729 - RHS of #set statement is null. Context will not be modified. templates/java/ServiceImpl.vsl [line 35, column 1]
INFO  2012-09-25 17:04:29,729 - RHS of #set statement is null. Context will not be modified. templates/java/ServiceImpl.vsl [line 35, column 1]
INFO  2012-09-25 17:04:29,729 - RHS of #set statement is null. Context will not be modified. templates/java/ServiceImpl.vsl [line 10, column 1]
INFO  2012-09-25 17:04:29,744 - RHS of #set statement is null. Context will not be modified. templates/java/ServiceImpl.vsl [line 35, column 1]
INFO  2012-09-25 17:04:29,744 - RHS of #set statement is null. Context will not be modified. templates/java/ServiceImpl.vsl [line 35, column 1]
INFO  2012-09-25 17:04:29,744 - RHS of #set statement is null. Context will not be modified. templates/java/ServiceImpl.vsl [line 35, column 1]
INFO  2012-09-25 17:04:29,744 - RHS of #set statement is null. Context will not be modified. templates/java/ServiceImpl.vsl [line 35, column 1]
INFO  2012-09-25 17:04:29,744 - RHS of #set statement is null. Context will not be modified. templates/java/ServiceImpl.vsl [line 35, column 1]
INFO  2012-09-25 17:04:29,744 - RHS of #set statement is null. Context will not be modified. templates/java/ServiceImpl.vsl [line 10, column 1]
INFO  2012-09-25 17:04:29,744 - RHS of #set statement is null. Context will not be modified. templates/java/ServiceImpl.vsl [line 35, column 1]
INFO  2012-09-25 17:04:29,744 - RHS of #set statement is null. Context will not be modified. templates/java/ServiceImpl.vsl [line 35, column 1]
INFO  2012-09-25 17:04:29,744 - RHS of #set statement is null. Context will not be modified. templates/java/ServiceImpl.vsl [line 35, column 1]
INFO  2012-09-25 17:04:29,744 - RHS of #set statement is null. Context will not be modified. templates/java/ServiceImpl.vsl [line 10, column 1]
INFO  2012-09-25 17:04:29,744 - RHS of #set statement is null. Context will not be modified. templates/java/ServiceImpl.vsl [line 35, column 1]
INFO  2012-09-25 17:04:29,744 - RHS of #set statement is null. Context will not be modified. templates/java/ServiceImpl.vsl [line 35, column 1]
INFO  2012-09-25 17:04:29,744 - RHS of #set statement is null. Context will not be modified. templates/java/ServiceImpl.vsl [line 35, column 1]
INFO  2012-09-25 17:04:29,744 - RHS of #set statement is null. Context will not be modified. templates/java/ServiceImpl.vsl [line 10, column 1]
INFO  2012-09-25 17:04:29,744 - RHS of #set statement is null. Context will not be modified. templates/java/ServiceImpl.vsl [line 35, column 1]
INFO  2012-09-25 17:04:29,744 - RHS of #set statement is null. Context will not be modified. templates/java/ServiceImpl.vsl [line 35, column 1]
INFO  2012-09-25 17:04:29,744 - RHS of #set statement is null. Context will not be modified. templates/java/ServiceImpl.vsl [line 35, column 1]
INFO  2012-09-25 17:04:29,744 - RHS of #set statement is null. Context will not be modified. templates/java/ServiceImpl.vsl [line 10, column 1]
INFO  2012-09-25 17:04:29,760 - RHS of #set statement is null. Context will not be modified. templates/java/ServiceImpl.vsl [line 35, column 1]
INFO  2012-09-25 17:04:29,760 - RHS of #set statement is null. Context will not be modified. templates/java/ServiceImpl.vsl [line 35, column 1]
INFO  2012-09-25 17:04:29,760 - RHS of #set statement is null. Context will not be modified. templates/java/ServiceImpl.vsl [line 35, column 1]
INFO  2012-09-25 17:04:29,760 - RHS of #set statement is null. Context will not be modified. templates/java/ServiceImpl.vsl [line 35, column 1]
INFO  2012-09-25 17:04:29,760 - RHS of #set statement is null. Context will not be modified. templates/java/ServiceImpl.vsl [line 35, column 1]
INFO  2012-09-25 17:04:29,760 - ResourceManager : found templates/java/ValueObject.vsl with loader org.andromda.templateengines.velocity.ClasspathResourceLoader
INFO  2012-09-25 17:04:30,602 - ResourceManager : found templates/java/Enumeration.vsl with loader org.andromda.templateengines.velocity.ClasspathResourceLoader
